Using pre-set license
Built from '2020.2/release' branch; Version is '2020.2.2f1 (068178b99f32) revision 426360'; Using compiler version '192528614'; Build Type 'Release'
OS: 'Windows 10 Education; OS build 18363.1316; Version 1909; 64bit' Language: 'ko' Physical Memory: 16335 MB
BatchMode: 1, IsHumanControllingUs: 0, StartBugReporterOnCrash: 0, Is64bit: 1, IsPro: 0

 COMMAND LINE ARGUMENTS:
C:\Program Files\2020.2.2f1\Editor\Unity.exe
-adb2
-batchMode
-noUpm
-name
AssetImportWorker1
-projectPath
C:/Users/윤성재/Desktop/Kronos/Kronos2/Kronos
-logFile
Logs/AssetImportWorker1.log
-srvPort
59404
Successfully changed project path to: C:/Users/윤성재/Desktop/Kronos/Kronos2/Kronos
C:/Users/윤성재/Desktop/Kronos/Kronos2/Kronos
Using Asset Import Pipeline V2.
Refreshing native plugins compatible for Editor in 31.76 ms, found 0 plugins.
Preloading 0 native plugins for Editor in 0.00 ms.
Initialize engine version: 2020.2.2f1 (068178b99f32)
[Subsystems] Discovering subsystems at path C:/Program Files/2020.2.2f1/Editor/Data/Resources/UnitySubsystems
[Subsystems] Discovering subsystems at path C:/Users/윤성재/Desktop/Kronos/Kronos2/Kronos/Assets
GfxDevice: creating device client; threaded=0
Direct3D:
    Version:  Direct3D 11.0 [level 11.1]
    Renderer: NVIDIA GeForce GTX 1060 6GB (ID=0x1c03)
    Vendor:   
    VRAM:     6052 MB
    Driver:   27.21.14.5671
Initialize mono
Mono path[0] = 'C:/Program Files/2020.2.2f1/Editor/Data/Managed'
Mono path[1] = 'C:/Program Files/2020.2.2f1/Editor/Data/MonoBleedingEdge/lib/mono/unityjit'
Mono config path = 'C:/Program Files/2020.2.2f1/Editor/Data/MonoBleedingEdge/etc'
Using monoOptions --debugger-agent=transport=dt_socket,embedding=1,server=y,suspend=n,address=127.0.0.1:56696
Begin MonoManager ReloadAssembly
Registering precompiled unity dll's ...
Register platform support module: C:/Program Files/2020.2.2f1/Editor/Data/PlaybackEngines/WindowsStandaloneSupport/UnityEditor.WindowsStandalone.Extensions.dll
Registered in 0.001739 seconds.
Native extension for WindowsStandalone target not found
Refreshing native plugins compatible for Editor in 34.94 ms, found 0 plugins.
Preloading 0 native plugins for Editor in 0.00 ms.
Invoked RoslynAnalysisRunner static constructor.
RoslynAnalysisRunner will not be running.
RoslynAnalysisRunner has terminated.
Mono: successfully reloaded assembly
- Completed reload, in  2.584 seconds
Platform modules already initialized, skipping
Registering precompiled user dll's ...
Registered in 0.000821 seconds.
Begin MonoManager ReloadAssembly
Native extension for WindowsStandalone target not found
Refreshing native plugins compatible for Editor in 0.41 ms, found 0 plugins.
Preloading 0 native plugins for Editor in 0.00 ms.
Invoked RoslynAnalysisRunner static constructor.
RoslynAnalysisRunner will not be running.
RoslynAnalysisRunner has terminated.
Mono: successfully reloaded assembly
- Completed reload, in  0.843 seconds
Platform modules already initialized, skipping
========================================================================
Worker process is ready to serve import requests
Launched and connected shader compiler UnityShaderCompiler.exe after 0.04 seconds
Refreshing native plugins compatible for Editor in 0.35 ms, found 0 plugins.
Preloading 0 native plugins for Editor in 0.00 ms.
Unloading 1213 Unused Serialized files (Serialized files now loaded: 0)
System memory in use before: 75.4 MB.
System memory in use after: 75.5 MB.

Unloading 8 unused Assets to reduce memory usage. Loaded Objects now: 1661.
Total: 1.606000 ms (FindLiveObjects: 0.175000 ms CreateObjectMapping: 0.033000 ms MarkObjects: 1.331400 ms  DeleteObjects: 0.065400 ms)

========================================================================
Received Import Request.
  path: Assets/10 Player/PlayerAnimatorController.controller
  artifactKey: Guid(b1a0b72edc0d80443b356a67e035087f) Importer(815301076,1909f56bfc062723c751e8b465ee728b)
Start importing Assets/10 Player/PlayerAnimatorController.controller using Guid(b1a0b72edc0d80443b356a67e035087f) Importer(815301076,1909f56bfc062723c751e8b465ee728b)  -> (artifact id: 'eb3eb5522620ae712b50c4f0c168351a') in 0.048911 seconds
  Import took 0.051846 seconds .

========================================================================
Received Prepare
Refreshing native plugins compatible for Editor in 0.74 ms, found 0 plugins.
Preloading 0 native plugins for Editor in 0.00 ms.
Unloading 1 Unused Serialized files (Serialized files now loaded: 0)
System memory in use before: 50.5 MB.
System memory in use after: 50.7 MB.

Unloading 1 unused Assets to reduce memory usage. Loaded Objects now: 1661.
Total: 2.102200 ms (FindLiveObjects: 0.234200 ms CreateObjectMapping: 0.039400 ms MarkObjects: 1.814300 ms  DeleteObjects: 0.013400 ms)

========================================================================
Received Prepare
Registering precompiled user dll's ...
Registered in 0.000825 seconds.
Begin MonoManager ReloadAssembly
Native extension for WindowsStandalone target not found
Refreshing native plugins compatible for Editor in 0.36 ms, found 0 plugins.
Preloading 0 native plugins for Editor in 0.00 ms.
Invoked RoslynAnalysisRunner static constructor.
RoslynAnalysisRunner will not be running.
RoslynAnalysisRunner has terminated.
Mono: successfully reloaded assembly
- Completed reload, in  0.712 seconds
Platform modules already initialized, skipping
Refreshing native plugins compatible for Editor in 0.36 ms, found 0 plugins.
Preloading 0 native plugins for Editor in 0.00 ms.
Unloading 1178 Unused Serialized files (Serialized files now loaded: 0)
System memory in use before: 74.0 MB.
System memory in use after: 74.1 MB.

Unloading 3 unused Assets to reduce memory usage. Loaded Objects now: 1663.
Total: 1.631300 ms (FindLiveObjects: 0.165700 ms CreateObjectMapping: 0.027100 ms MarkObjects: 1.423600 ms  DeleteObjects: 0.014000 ms)

========================================================================
Received Prepare
Registering precompiled user dll's ...
Registered in 0.000872 seconds.
Begin MonoManager ReloadAssembly
Native extension for WindowsStandalone target not found
Refreshing native plugins compatible for Editor in 0.34 ms, found 0 plugins.
Preloading 0 native plugins for Editor in 0.00 ms.
Invoked RoslynAnalysisRunner static constructor.
RoslynAnalysisRunner will not be running.
RoslynAnalysisRunner has terminated.
Mono: successfully reloaded assembly
- Completed reload, in  0.698 seconds
Platform modules already initialized, skipping
Refreshing native plugins compatible for Editor in 0.34 ms, found 0 plugins.
Preloading 0 native plugins for Editor in 0.00 ms.
Unloading 1178 Unused Serialized files (Serialized files now loaded: 0)
System memory in use before: 74.1 MB.
System memory in use after: 74.2 MB.

Unloading 3 unused Assets to reduce memory usage. Loaded Objects now: 1665.
Total: 1.501200 ms (FindLiveObjects: 0.156200 ms CreateObjectMapping: 0.027700 ms MarkObjects: 1.305400 ms  DeleteObjects: 0.011100 ms)

========================================================================
Received Prepare
Registering precompiled user dll's ...
Registered in 0.000906 seconds.
Begin MonoManager ReloadAssembly
Native extension for WindowsStandalone target not found
Refreshing native plugins compatible for Editor in 0.36 ms, found 0 plugins.
Preloading 0 native plugins for Editor in 0.00 ms.
Invoked RoslynAnalysisRunner static constructor.
RoslynAnalysisRunner will not be running.
RoslynAnalysisRunner has terminated.
Mono: successfully reloaded assembly
- Completed reload, in  0.692 seconds
Platform modules already initialized, skipping
Refreshing native plugins compatible for Editor in 0.35 ms, found 0 plugins.
Preloading 0 native plugins for Editor in 0.00 ms.
Unloading 1178 Unused Serialized files (Serialized files now loaded: 0)
System memory in use before: 74.1 MB.
System memory in use after: 74.2 MB.

Unloading 3 unused Assets to reduce memory usage. Loaded Objects now: 1667.
Total: 2.075500 ms (FindLiveObjects: 0.289400 ms CreateObjectMapping: 0.038800 ms MarkObjects: 1.728400 ms  DeleteObjects: 0.017700 ms)

========================================================================
Received Prepare
Registering precompiled user dll's ...
Registered in 0.000832 seconds.
Begin MonoManager ReloadAssembly
Native extension for WindowsStandalone target not found
Refreshing native plugins compatible for Editor in 0.34 ms, found 0 plugins.
Preloading 0 native plugins for Editor in 0.00 ms.
Invoked RoslynAnalysisRunner static constructor.
RoslynAnalysisRunner will not be running.
RoslynAnalysisRunner has terminated.
Mono: successfully reloaded assembly
- Completed reload, in  0.729 seconds
Platform modules already initialized, skipping
Refreshing native plugins compatible for Editor in 0.34 ms, found 0 plugins.
Preloading 0 native plugins for Editor in 0.00 ms.
Unloading 1178 Unused Serialized files (Serialized files now loaded: 0)
System memory in use before: 75.1 MB.
System memory in use after: 75.2 MB.

Unloading 3 unused Assets to reduce memory usage. Loaded Objects now: 1669.
Total: 1.956000 ms (FindLiveObjects: 0.172300 ms CreateObjectMapping: 0.028200 ms MarkObjects: 1.739000 ms  DeleteObjects: 0.015600 ms)

========================================================================
Received Prepare
Registering precompiled user dll's ...
Registered in 0.001080 seconds.
Begin MonoManager ReloadAssembly
Native extension for WindowsStandalone target not found
Refreshing native plugins compatible for Editor in 0.35 ms, found 0 plugins.
Preloading 0 native plugins for Editor in 0.00 ms.
Invoked RoslynAnalysisRunner static constructor.
RoslynAnalysisRunner will not be running.
RoslynAnalysisRunner has terminated.
Mono: successfully reloaded assembly
- Completed reload, in  0.670 seconds
Platform modules already initialized, skipping
Refreshing native plugins compatible for Editor in 0.39 ms, found 0 plugins.
Preloading 0 native plugins for Editor in 0.00 ms.
Unloading 1178 Unused Serialized files (Serialized files now loaded: 0)
System memory in use before: 74.1 MB.
System memory in use after: 74.2 MB.

Unloading 3 unused Assets to reduce memory usage. Loaded Objects now: 1671.
Total: 1.739600 ms (FindLiveObjects: 0.151400 ms CreateObjectMapping: 0.026900 ms MarkObjects: 1.548100 ms  DeleteObjects: 0.012200 ms)

========================================================================
Received Import Request.
  Time since last request: 337.322003 seconds.
  path: Assets/10 Player/PlayerAnimatorController.controller
  artifactKey: Guid(b1a0b72edc0d80443b356a67e035087f) Importer(815301076,1909f56bfc062723c751e8b465ee728b)
Start importing Assets/10 Player/PlayerAnimatorController.controller using Guid(b1a0b72edc0d80443b356a67e035087f) Importer(815301076,1909f56bfc062723c751e8b465ee728b)  -> (artifact id: 'f6d1d613a3a7966f793673496dd49134') in 0.027095 seconds
  Import took 0.030291 seconds .

========================================================================
Received Prepare
Registering precompiled user dll's ...
Registered in 0.000844 seconds.
Begin MonoManager ReloadAssembly
Native extension for WindowsStandalone target not found
Refreshing native plugins compatible for Editor in 0.38 ms, found 0 plugins.
Preloading 0 native plugins for Editor in 0.00 ms.
Invoked RoslynAnalysisRunner static constructor.
RoslynAnalysisRunner will not be running.
RoslynAnalysisRunner has terminated.
Mono: successfully reloaded assembly
- Completed reload, in  0.669 seconds
Platform modules already initialized, skipping
Refreshing native plugins compatible for Editor in 0.55 ms, found 0 plugins.
Preloading 0 native plugins for Editor in 0.00 ms.
Unloading 1178 Unused Serialized files (Serialized files now loaded: 0)
System memory in use before: 74.1 MB.
System memory in use after: 74.2 MB.

Unloading 3 unused Assets to reduce memory usage. Loaded Objects now: 1673.
Total: 1.802500 ms (FindLiveObjects: 0.180300 ms CreateObjectMapping: 0.027600 ms MarkObjects: 1.579300 ms  DeleteObjects: 0.013600 ms)

========================================================================
Received Import Request.
  Time since last request: 13.035354 seconds.
  path: Assets/Resources/ModularAnimalKnightsPBR/Animation/JumpEnd.fbx
  artifactKey: Guid(23bc07d02762ebe4da64d0c56c7e9c1f) Importer(815301076,1909f56bfc062723c751e8b465ee728b)
Start importing Assets/Resources/ModularAnimalKnightsPBR/Animation/JumpEnd.fbx using Guid(23bc07d02762ebe4da64d0c56c7e9c1f) Importer(815301076,1909f56bfc062723c751e8b465ee728b)  -> (artifact id: '7533d133cf860f89c77c16a24f54b546') in 0.179602 seconds
  Import took 0.182509 seconds .

========================================================================
Received Prepare
Registering precompiled user dll's ...
Registered in 0.000917 seconds.
Begin MonoManager ReloadAssembly
Native extension for WindowsStandalone target not found
Refreshing native plugins compatible for Editor in 0.34 ms, found 0 plugins.
Preloading 0 native plugins for Editor in 0.00 ms.
Invoked RoslynAnalysisRunner static constructor.
RoslynAnalysisRunner will not be running.
RoslynAnalysisRunner has terminated.
Mono: successfully reloaded assembly
- Completed reload, in  0.661 seconds
Platform modules already initialized, skipping
Refreshing native plugins compatible for Editor in 0.36 ms, found 0 plugins.
Preloading 0 native plugins for Editor in 0.00 ms.
Unloading 1178 Unused Serialized files (Serialized files now loaded: 0)
System memory in use before: 88.4 MB.
System memory in use after: 88.5 MB.

Unloading 4 unused Assets to reduce memory usage. Loaded Objects now: 1686.
Total: 1.470500 ms (FindLiveObjects: 0.159900 ms CreateObjectMapping: 0.028000 ms MarkObjects: 1.265100 ms  DeleteObjects: 0.016400 ms)

========================================================================
Received Prepare
Registering precompiled user dll's ...
Registered in 0.000790 seconds.
Begin MonoManager ReloadAssembly
Native extension for WindowsStandalone target not found
Refreshing native plugins compatible for Editor in 0.53 ms, found 0 plugins.
Preloading 0 native plugins for Editor in 0.00 ms.
Invoked RoslynAnalysisRunner static constructor.
RoslynAnalysisRunner will not be running.
RoslynAnalysisRunner has terminated.
Mono: successfully reloaded assembly
- Completed reload, in  0.682 seconds
Platform modules already initialized, skipping
Refreshing native plugins compatible for Editor in 0.34 ms, found 0 plugins.
Preloading 0 native plugins for Editor in 0.00 ms.
Unloading 1178 Unused Serialized files (Serialized files now loaded: 0)
System memory in use before: 88.4 MB.
System memory in use after: 88.5 MB.

Unloading 3 unused Assets to reduce memory usage. Loaded Objects now: 1688.
Total: 1.562600 ms (FindLiveObjects: 0.193800 ms CreateObjectMapping: 0.027900 ms MarkObjects: 1.326700 ms  DeleteObjects: 0.012700 ms)

========================================================================
Received Prepare
Registering precompiled user dll's ...
Registered in 0.001184 seconds.
Begin MonoManager ReloadAssembly
Native extension for WindowsStandalone target not found
Refreshing native plugins compatible for Editor in 0.38 ms, found 0 plugins.
Preloading 0 native plugins for Editor in 0.00 ms.
Invoked RoslynAnalysisRunner static constructor.
RoslynAnalysisRunner will not be running.
RoslynAnalysisRunner has terminated.
Mono: successfully reloaded assembly
- Completed reload, in  0.681 seconds
Platform modules already initialized, skipping
Refreshing native plugins compatible for Editor in 0.35 ms, found 0 plugins.
Preloading 0 native plugins for Editor in 0.00 ms.
Unloading 1178 Unused Serialized files (Serialized files now loaded: 0)
System memory in use before: 88.4 MB.
System memory in use after: 88.5 MB.

Unloading 3 unused Assets to reduce memory usage. Loaded Objects now: 1690.
Total: 1.765700 ms (FindLiveObjects: 0.161200 ms CreateObjectMapping: 0.029600 ms MarkObjects: 1.560500 ms  DeleteObjects: 0.013300 ms)

========================================================================
Received Import Request.
  Time since last request: 186.895534 seconds.
  path: Assets/10 Player/PlayerAnimatorController.controller
  artifactKey: Guid(b1a0b72edc0d80443b356a67e035087f) Importer(815301076,1909f56bfc062723c751e8b465ee728b)
Start importing Assets/10 Player/PlayerAnimatorController.controller using Guid(b1a0b72edc0d80443b356a67e035087f) Importer(815301076,1909f56bfc062723c751e8b465ee728b)  -> (artifact id: 'f56f84ae1e9d5273231d9b5134105325') in 0.027024 seconds
  Import took 0.030300 seconds .

========================================================================
Received Prepare
Registering precompiled user dll's ...
Registered in 0.000822 seconds.
Begin MonoManager ReloadAssembly
Native extension for WindowsStandalone target not found
Refreshing native plugins compatible for Editor in 0.34 ms, found 0 plugins.
Preloading 0 native plugins for Editor in 0.00 ms.
Invoked RoslynAnalysisRunner static constructor.
RoslynAnalysisRunner will not be running.
RoslynAnalysisRunner has terminated.
Mono: successfully reloaded assembly
- Completed reload, in  0.688 seconds
Platform modules already initialized, skipping
Refreshing native plugins compatible for Editor in 0.34 ms, found 0 plugins.
Preloading 0 native plugins for Editor in 0.00 ms.
Unloading 1178 Unused Serialized files (Serialized files now loaded: 0)
System memory in use before: 88.4 MB.
System memory in use after: 88.5 MB.

Unloading 3 unused Assets to reduce memory usage. Loaded Objects now: 1692.
Total: 1.574000 ms (FindLiveObjects: 0.183700 ms CreateObjectMapping: 0.029200 ms MarkObjects: 1.347800 ms  DeleteObjects: 0.011600 ms)

========================================================================
Received Prepare
Registering precompiled user dll's ...
Registered in 0.000900 seconds.
Begin MonoManager ReloadAssembly
Native extension for WindowsStandalone target not found
Refreshing native plugins compatible for Editor in 0.33 ms, found 0 plugins.
Preloading 0 native plugins for Editor in 0.00 ms.
Invoked RoslynAnalysisRunner static constructor.
RoslynAnalysisRunner will not be running.
RoslynAnalysisRunner has terminated.
Mono: successfully reloaded assembly
- Completed reload, in  0.711 seconds
Platform modules already initialized, skipping
Refreshing native plugins compatible for Editor in 0.36 ms, found 0 plugins.
Preloading 0 native plugins for Editor in 0.00 ms.
Unloading 1178 Unused Serialized files (Serialized files now loaded: 0)
System memory in use before: 88.4 MB.
System memory in use after: 88.5 MB.

Unloading 3 unused Assets to reduce memory usage. Loaded Objects now: 1694.
Total: 1.490000 ms (FindLiveObjects: 0.164900 ms CreateObjectMapping: 0.028900 ms MarkObjects: 1.283900 ms  DeleteObjects: 0.011500 ms)

========================================================================
Received Prepare
Registering precompiled user dll's ...
Registered in 0.001035 seconds.
Begin MonoManager ReloadAssembly
Native extension for WindowsStandalone target not found
Refreshing native plugins compatible for Editor in 0.34 ms, found 0 plugins.
Preloading 0 native plugins for Editor in 0.00 ms.
Invoked RoslynAnalysisRunner static constructor.
RoslynAnalysisRunner will not be running.
RoslynAnalysisRunner has terminated.
Mono: successfully reloaded assembly
- Completed reload, in  0.679 seconds
Platform modules already initialized, skipping
Refreshing native plugins compatible for Editor in 0.36 ms, found 0 plugins.
Preloading 0 native plugins for Editor in 0.00 ms.
Unloading 1178 Unused Serialized files (Serialized files now loaded: 0)
System memory in use before: 88.4 MB.
System memory in use after: 88.6 MB.

Unloading 3 unused Assets to reduce memory usage. Loaded Objects now: 1696.
Total: 1.441600 ms (FindLiveObjects: 0.157800 ms CreateObjectMapping: 0.025800 ms MarkObjects: 1.246100 ms  DeleteObjects: 0.011000 ms)

========================================================================
Received Import Request.
  Time since last request: 230.858439 seconds.
  path: Assets/10 Player/PlayerAnimatorController.controller
  artifactKey: Guid(b1a0b72edc0d80443b356a67e035087f) Importer(815301076,1909f56bfc062723c751e8b465ee728b)
Start importing Assets/10 Player/PlayerAnimatorController.controller using Guid(b1a0b72edc0d80443b356a67e035087f) Importer(815301076,1909f56bfc062723c751e8b465ee728b)  -> (artifact id: '7c0806999fc35ed0184c8fdd080af06d') in 0.026251 seconds
  Import took 0.029554 seconds .

========================================================================
Received Prepare
Registering precompiled user dll's ...
Registered in 0.000751 seconds.
Begin MonoManager ReloadAssembly
Native extension for WindowsStandalone target not found
Refreshing native plugins compatible for Editor in 0.36 ms, found 0 plugins.
Preloading 0 native plugins for Editor in 0.00 ms.
Invoked RoslynAnalysisRunner static constructor.
RoslynAnalysisRunner will not be running.
RoslynAnalysisRunner has terminated.
Mono: successfully reloaded assembly
- Completed reload, in  0.689 seconds
Platform modules already initialized, skipping
Refreshing native plugins compatible for Editor in 0.38 ms, found 0 plugins.
Preloading 0 native plugins for Editor in 0.00 ms.
Unloading 1178 Unused Serialized files (Serialized files now loaded: 0)
System memory in use before: 88.5 MB.
System memory in use after: 88.6 MB.

Unloading 3 unused Assets to reduce memory usage. Loaded Objects now: 1698.
Total: 1.784000 ms (FindLiveObjects: 0.179100 ms CreateObjectMapping: 0.029000 ms MarkObjects: 1.562200 ms  DeleteObjects: 0.012800 ms)

========================================================================
Received Import Request.
  Time since last request: 42.456668 seconds.
  path: Assets/10 Player/PlayerAnimatorController.controller
  artifactKey: Guid(b1a0b72edc0d80443b356a67e035087f) Importer(815301076,1909f56bfc062723c751e8b465ee728b)
Start importing Assets/10 Player/PlayerAnimatorController.controller using Guid(b1a0b72edc0d80443b356a67e035087f) Importer(815301076,1909f56bfc062723c751e8b465ee728b)  -> (artifact id: 'bd8882f7b22f2f5d728e23f42c16f0f8') in 0.025585 seconds
  Import took 0.029055 seconds .

========================================================================
Received Prepare
Registering precompiled user dll's ...
Registered in 0.001221 seconds.
Begin MonoManager ReloadAssembly
Native extension for WindowsStandalone target not found
Refreshing native plugins compatible for Editor in 0.34 ms, found 0 plugins.
Preloading 0 native plugins for Editor in 0.00 ms.
Invoked RoslynAnalysisRunner static constructor.
RoslynAnalysisRunner will not be running.
RoslynAnalysisRunner has terminated.
Mono: successfully reloaded assembly
- Completed reload, in  0.676 seconds
Platform modules already initialized, skipping
Refreshing native plugins compatible for Editor in 0.34 ms, found 0 plugins.
Preloading 0 native plugins for Editor in 0.00 ms.
Unloading 1178 Unused Serialized files (Serialized files now loaded: 0)
System memory in use before: 88.5 MB.
System memory in use after: 88.6 MB.

Unloading 3 unused Assets to reduce memory usage. Loaded Objects now: 1700.
Total: 1.747400 ms (FindLiveObjects: 0.202200 ms CreateObjectMapping: 0.041500 ms MarkObjects: 1.486900 ms  DeleteObjects: 0.015500 ms)

========================================================================
Received Prepare
Registering precompiled user dll's ...
Registered in 0.000812 seconds.
Begin MonoManager ReloadAssembly
Native extension for WindowsStandalone target not found
Refreshing native plugins compatible for Editor in 0.39 ms, found 0 plugins.
Preloading 0 native plugins for Editor in 0.00 ms.
Invoked RoslynAnalysisRunner static constructor.
RoslynAnalysisRunner will not be running.
RoslynAnalysisRunner has terminated.
Mono: successfully reloaded assembly
- Completed reload, in  0.701 seconds
Platform modules already initialized, skipping
Refreshing native plugins compatible for Editor in 0.39 ms, found 0 plugins.
Preloading 0 native plugins for Editor in 0.00 ms.
Unloading 1178 Unused Serialized files (Serialized files now loaded: 0)
System memory in use before: 88.5 MB.
System memory in use after: 88.6 MB.

Unloading 3 unused Assets to reduce memory usage. Loaded Objects now: 1702.
Total: 1.509000 ms (FindLiveObjects: 0.178000 ms CreateObjectMapping: 0.028400 ms MarkObjects: 1.288800 ms  DeleteObjects: 0.012000 ms)

========================================================================
Received Prepare
Registering precompiled user dll's ...
Registered in 0.000916 seconds.
Begin MonoManager ReloadAssembly
Native extension for WindowsStandalone target not found
Refreshing native plugins compatible for Editor in 0.37 ms, found 0 plugins.
Preloading 0 native plugins for Editor in 0.00 ms.
Invoked RoslynAnalysisRunner static constructor.
RoslynAnalysisRunner will not be running.
RoslynAnalysisRunner has terminated.
Mono: successfully reloaded assembly
- Completed reload, in  0.687 seconds
Platform modules already initialized, skipping
Refreshing native plugins compatible for Editor in 0.37 ms, found 0 plugins.
Preloading 0 native plugins for Editor in 0.00 ms.
Unloading 1178 Unused Serialized files (Serialized files now loaded: 0)
System memory in use before: 88.5 MB.
System memory in use after: 88.6 MB.

Unloading 3 unused Assets to reduce memory usage. Loaded Objects now: 1704.
Total: 1.599600 ms (FindLiveObjects: 0.153400 ms CreateObjectMapping: 0.029200 ms MarkObjects: 1.401300 ms  DeleteObjects: 0.014700 ms)

========================================================================
Received Import Request.
  Time since last request: 258.883956 seconds.
  path: Assets/10 Player/PlayerAnimatorController.controller
  artifactKey: Guid(b1a0b72edc0d80443b356a67e035087f) Importer(815301076,1909f56bfc062723c751e8b465ee728b)
Start importing Assets/10 Player/PlayerAnimatorController.controller using Guid(b1a0b72edc0d80443b356a67e035087f) Importer(815301076,1909f56bfc062723c751e8b465ee728b)  -> (artifact id: '49e9215e73cb62dde68abd8b11ac77c1') in 0.030424 seconds
  Import took 0.035436 seconds .

========================================================================
Received Import Request.
  Time since last request: 32.797191 seconds.
  path: Assets/10 Player/PlayerAnimatorController.controller
  artifactKey: Guid(b1a0b72edc0d80443b356a67e035087f) Importer(815301076,1909f56bfc062723c751e8b465ee728b)
Start importing Assets/10 Player/PlayerAnimatorController.controller using Guid(b1a0b72edc0d80443b356a67e035087f) Importer(815301076,1909f56bfc062723c751e8b465ee728b)  -> (artifact id: '455427f31c4a2f54ad75822a4554caec') in 0.014069 seconds
  Import took 0.017340 seconds .

========================================================================
Received Prepare
Registering precompiled user dll's ...
Registered in 0.000979 seconds.
Begin MonoManager ReloadAssembly
Native extension for WindowsStandalone target not found
Refreshing native plugins compatible for Editor in 0.34 ms, found 0 plugins.
Preloading 0 native plugins for Editor in 0.00 ms.
Invoked RoslynAnalysisRunner static constructor.
RoslynAnalysisRunner will not be running.
RoslynAnalysisRunner has terminated.
Mono: successfully reloaded assembly
- Completed reload, in  0.681 seconds
Platform modules already initialized, skipping
Refreshing native plugins compatible for Editor in 0.34 ms, found 0 plugins.
Preloading 0 native plugins for Editor in 0.00 ms.
Unloading 1178 Unused Serialized files (Serialized files now loaded: 0)
System memory in use before: 88.5 MB.
System memory in use after: 88.6 MB.

Unloading 3 unused Assets to reduce memory usage. Loaded Objects now: 1706.
Total: 1.668200 ms (FindLiveObjects: 0.173400 ms CreateObjectMapping: 0.029500 ms MarkObjects: 1.452400 ms  DeleteObjects: 0.012100 ms)

========================================================================
Received Prepare
Registering precompiled user dll's ...
Registered in 0.000894 seconds.
Begin MonoManager ReloadAssembly
Native extension for WindowsStandalone target not found
Refreshing native plugins compatible for Editor in 0.39 ms, found 0 plugins.
Preloading 0 native plugins for Editor in 0.00 ms.
Invoked RoslynAnalysisRunner static constructor.
RoslynAnalysisRunner will not be running.
RoslynAnalysisRunner has terminated.
Mono: successfully reloaded assembly
- Completed reload, in  0.701 seconds
Platform modules already initialized, skipping
Refreshing native plugins compatible for Editor in 0.35 ms, found 0 plugins.
Preloading 0 native plugins for Editor in 0.00 ms.
Unloading 1178 Unused Serialized files (Serialized files now loaded: 0)
System memory in use before: 88.5 MB.
System memory in use after: 88.6 MB.

Unloading 3 unused Assets to reduce memory usage. Loaded Objects now: 1708.
Total: 1.600000 ms (FindLiveObjects: 0.171900 ms CreateObjectMapping: 0.031100 ms MarkObjects: 1.380800 ms  DeleteObjects: 0.015300 ms)

========================================================================
Received Prepare
Registering precompiled user dll's ...
Registered in 0.000789 seconds.
Begin MonoManager ReloadAssembly
Native extension for WindowsStandalone target not found
Refreshing native plugins compatible for Editor in 0.33 ms, found 0 plugins.
Preloading 0 native plugins for Editor in 0.00 ms.
Invoked RoslynAnalysisRunner static constructor.
RoslynAnalysisRunner will not be running.
RoslynAnalysisRunner has terminated.
Mono: successfully reloaded assembly
- Completed reload, in  0.703 seconds
Platform modules already initialized, skipping
Refreshing native plugins compatible for Editor in 0.33 ms, found 0 plugins.
Preloading 0 native plugins for Editor in 0.00 ms.
Unloading 1178 Unused Serialized files (Serialized files now loaded: 0)
System memory in use before: 88.5 MB.
System memory in use after: 88.6 MB.

Unloading 3 unused Assets to reduce memory usage. Loaded Objects now: 1710.
Total: 1.543500 ms (FindLiveObjects: 0.174400 ms CreateObjectMapping: 0.029500 ms MarkObjects: 1.326200 ms  DeleteObjects: 0.012300 ms)

========================================================================
Received Prepare
Registering precompiled user dll's ...
Registered in 0.000772 seconds.
Begin MonoManager ReloadAssembly
Native extension for WindowsStandalone target not found
Refreshing native plugins compatible for Editor in 0.35 ms, found 0 plugins.
Preloading 0 native plugins for Editor in 0.00 ms.
Invoked RoslynAnalysisRunner static constructor.
RoslynAnalysisRunner will not be running.
RoslynAnalysisRunner has terminated.
Mono: successfully reloaded assembly
- Completed reload, in  0.695 seconds
Platform modules already initialized, skipping
Refreshing native plugins compatible for Editor in 0.44 ms, found 0 plugins.
Preloading 0 native plugins for Editor in 0.00 ms.
Unloading 1178 Unused Serialized files (Serialized files now loaded: 0)
System memory in use before: 88.5 MB.
System memory in use after: 88.6 MB.

Unloading 3 unused Assets to reduce memory usage. Loaded Objects now: 1712.
Total: 1.863600 ms (FindLiveObjects: 0.184700 ms CreateObjectMapping: 0.030500 ms MarkObjects: 1.629600 ms  DeleteObjects: 0.017700 ms)

========================================================================
Received Prepare
Registering precompiled user dll's ...
Registered in 0.000910 seconds.
Begin MonoManager ReloadAssembly
Native extension for WindowsStandalone target not found
Refreshing native plugins compatible for Editor in 0.36 ms, found 0 plugins.
Preloading 0 native plugins for Editor in 0.00 ms.
Invoked RoslynAnalysisRunner static constructor.
RoslynAnalysisRunner will not be running.
RoslynAnalysisRunner has terminated.
Mono: successfully reloaded assembly
- Completed reload, in  0.677 seconds
Platform modules already initialized, skipping
Refreshing native plugins compatible for Editor in 0.39 ms, found 0 plugins.
Preloading 0 native plugins for Editor in 0.00 ms.
Unloading 1178 Unused Serialized files (Serialized files now loaded: 0)
System memory in use before: 88.5 MB.
System memory in use after: 88.6 MB.

Unloading 3 unused Assets to reduce memory usage. Loaded Objects now: 1714.
Total: 1.476900 ms (FindLiveObjects: 0.154900 ms CreateObjectMapping: 0.027500 ms MarkObjects: 1.282900 ms  DeleteObjects: 0.010700 ms)

========================================================================
Received Prepare
Registering precompiled user dll's ...
Registered in 0.000847 seconds.
Begin MonoManager ReloadAssembly
Native extension for WindowsStandalone target not found
Refreshing native plugins compatible for Editor in 0.66 ms, found 0 plugins.
Preloading 0 native plugins for Editor in 0.00 ms.
Invoked RoslynAnalysisRunner static constructor.
RoslynAnalysisRunner will not be running.
RoslynAnalysisRunner has terminated.
Mono: successfully reloaded assembly
- Completed reload, in  0.698 seconds
Platform modules already initialized, skipping
Refreshing native plugins compatible for Editor in 0.36 ms, found 0 plugins.
Preloading 0 native plugins for Editor in 0.00 ms.
Unloading 1178 Unused Serialized files (Serialized files now loaded: 0)
System memory in use before: 88.5 MB.
System memory in use after: 88.6 MB.

Unloading 3 unused Assets to reduce memory usage. Loaded Objects now: 1716.
Total: 1.533800 ms (FindLiveObjects: 0.178500 ms CreateObjectMapping: 0.029800 ms MarkObjects: 1.313200 ms  DeleteObjects: 0.011500 ms)

========================================================================
Received Prepare
Registering precompiled user dll's ...
Registered in 0.001118 seconds.
Begin MonoManager ReloadAssembly
Native extension for WindowsStandalone target not found
Refreshing native plugins compatible for Editor in 0.52 ms, found 0 plugins.
Preloading 0 native plugins for Editor in 0.00 ms.
Invoked RoslynAnalysisRunner static constructor.
RoslynAnalysisRunner will not be running.
RoslynAnalysisRunner has terminated.
Mono: successfully reloaded assembly
- Completed reload, in  0.665 seconds
Platform modules already initialized, skipping
Refreshing native plugins compatible for Editor in 0.36 ms, found 0 plugins.
Preloading 0 native plugins for Editor in 0.00 ms.
Unloading 1178 Unused Serialized files (Serialized files now loaded: 0)
System memory in use before: 88.5 MB.
System memory in use after: 88.6 MB.

Unloading 3 unused Assets to reduce memory usage. Loaded Objects now: 1718.
Total: 1.854800 ms (FindLiveObjects: 0.225500 ms CreateObjectMapping: 0.030200 ms MarkObjects: 1.582100 ms  DeleteObjects: 0.015200 ms)

========================================================================
Received Prepare
Registering precompiled user dll's ...
Registered in 0.000884 seconds.
Begin MonoManager ReloadAssembly
Native extension for WindowsStandalone target not found
Refreshing native plugins compatible for Editor in 0.35 ms, found 0 plugins.
Preloading 0 native plugins for Editor in 0.00 ms.
Invoked RoslynAnalysisRunner static constructor.
RoslynAnalysisRunner will not be running.
RoslynAnalysisRunner has terminated.
Mono: successfully reloaded assembly
- Completed reload, in  0.659 seconds
Platform modules already initialized, skipping
Refreshing native plugins compatible for Editor in 0.34 ms, found 0 plugins.
Preloading 0 native plugins for Editor in 0.00 ms.
Unloading 1178 Unused Serialized files (Serialized files now loaded: 0)
System memory in use before: 88.5 MB.
System memory in use after: 88.6 MB.

Unloading 3 unused Assets to reduce memory usage. Loaded Objects now: 1720.
Total: 1.624300 ms (FindLiveObjects: 0.172100 ms CreateObjectMapping: 0.029200 ms MarkObjects: 1.408800 ms  DeleteObjects: 0.013200 ms)

========================================================================
Received Import Request.
  Time since last request: 574.428039 seconds.
  path: Assets/10 Player/PlayerAnimatorController.controller
  artifactKey: Guid(b1a0b72edc0d80443b356a67e035087f) Importer(815301076,1909f56bfc062723c751e8b465ee728b)
Start importing Assets/10 Player/PlayerAnimatorController.controller using Guid(b1a0b72edc0d80443b356a67e035087f) Importer(815301076,1909f56bfc062723c751e8b465ee728b)  -> (artifact id: '2d16cd768a0b2fbf94f86300e77d0933') in 0.029054 seconds
  Import took 0.032545 seconds .

========================================================================
Received Prepare
Registering precompiled user dll's ...
Registered in 0.000988 seconds.
Begin MonoManager ReloadAssembly
Native extension for WindowsStandalone target not found
Refreshing native plugins compatible for Editor in 0.41 ms, found 0 plugins.
Preloading 0 native plugins for Editor in 0.00 ms.
Invoked RoslynAnalysisRunner static constructor.
RoslynAnalysisRunner will not be running.
RoslynAnalysisRunner has terminated.
Mono: successfully reloaded assembly
- Completed reload, in  0.699 seconds
Platform modules already initialized, skipping
Refreshing native plugins compatible for Editor in 0.35 ms, found 0 plugins.
Preloading 0 native plugins for Editor in 0.00 ms.
Unloading 1178 Unused Serialized files (Serialized files now loaded: 0)
System memory in use before: 88.5 MB.
System memory in use after: 88.6 MB.

Unloading 3 unused Assets to reduce memory usage. Loaded Objects now: 1722.
Total: 1.640000 ms (FindLiveObjects: 0.188300 ms CreateObjectMapping: 0.030200 ms MarkObjects: 1.405800 ms  DeleteObjects: 0.014800 ms)

========================================================================
Received Prepare
Registering precompiled user dll's ...
Registered in 0.000790 seconds.
Begin MonoManager ReloadAssembly
Native extension for WindowsStandalone target not found
Refreshing native plugins compatible for Editor in 0.34 ms, found 0 plugins.
Preloading 0 native plugins for Editor in 0.00 ms.
Invoked RoslynAnalysisRunner static constructor.
RoslynAnalysisRunner will not be running.
RoslynAnalysisRunner has terminated.
Mono: successfully reloaded assembly
- Completed reload, in  0.709 seconds
Platform modules already initialized, skipping
Refreshing native plugins compatible for Editor in 0.44 ms, found 0 plugins.
Preloading 0 native plugins for Editor in 0.00 ms.
Unloading 1178 Unused Serialized files (Serialized files now loaded: 0)
System memory in use before: 88.5 MB.
System memory in use after: 88.6 MB.

Unloading 3 unused Assets to reduce memory usage. Loaded Objects now: 1724.
Total: 1.535200 ms (FindLiveObjects: 0.175800 ms CreateObjectMapping: 0.027600 ms MarkObjects: 1.319700 ms  DeleteObjects: 0.011200 ms)

========================================================================
Received Prepare
Registering precompiled user dll's ...
Registered in 0.000877 seconds.
Begin MonoManager ReloadAssembly
Native extension for WindowsStandalone target not found
Refreshing native plugins compatible for Editor in 0.38 ms, found 0 plugins.
Preloading 0 native plugins for Editor in 0.00 ms.
Invoked RoslynAnalysisRunner static constructor.
RoslynAnalysisRunner will not be running.
RoslynAnalysisRunner has terminated.
Mono: successfully reloaded assembly
- Completed reload, in  0.700 seconds
Platform modules already initialized, skipping
Refreshing native plugins compatible for Editor in 0.42 ms, found 0 plugins.
Preloading 0 native plugins for Editor in 0.00 ms.
Unloading 1178 Unused Serialized files (Serialized files now loaded: 0)
System memory in use before: 88.5 MB.
System memory in use after: 88.6 MB.

Unloading 3 unused Assets to reduce memory usage. Loaded Objects now: 1726.
Total: 1.614000 ms (FindLiveObjects: 0.192000 ms CreateObjectMapping: 0.030600 ms MarkObjects: 1.374500 ms  DeleteObjects: 0.015100 ms)

========================================================================
Received Prepare
Registering precompiled user dll's ...
Registered in 0.000800 seconds.
Begin MonoManager ReloadAssembly
Native extension for WindowsStandalone target not found
Refreshing native plugins compatible for Editor in 0.52 ms, found 0 plugins.
Preloading 0 native plugins for Editor in 0.00 ms.
Invoked RoslynAnalysisRunner static constructor.
RoslynAnalysisRunner will not be running.
RoslynAnalysisRunner has terminated.
Mono: successfully reloaded assembly
- Completed reload, in  0.712 seconds
Platform modules already initialized, skipping
Refreshing native plugins compatible for Editor in 0.37 ms, found 0 plugins.
Preloading 0 native plugins for Editor in 0.00 ms.
Unloading 1178 Unused Serialized files (Serialized files now loaded: 0)
System memory in use before: 88.5 MB.
System memory in use after: 88.6 MB.

Unloading 3 unused Assets to reduce memory usage. Loaded Objects now: 1728.
Total: 1.626800 ms (FindLiveObjects: 0.192000 ms CreateObjectMapping: 0.030100 ms MarkObjects: 1.390900 ms  DeleteObjects: 0.012800 ms)

========================================================================
Received Prepare
Registering precompiled user dll's ...
Registered in 0.000883 seconds.
Begin MonoManager ReloadAssembly
Native extension for WindowsStandalone target not found
Refreshing native plugins compatible for Editor in 0.33 ms, found 0 plugins.
Preloading 0 native plugins for Editor in 0.00 ms.
Invoked RoslynAnalysisRunner static constructor.
RoslynAnalysisRunner will not be running.
RoslynAnalysisRunner has terminated.
Mono: successfully reloaded assembly
- Completed reload, in  0.701 seconds
Platform modules already initialized, skipping
Refreshing native plugins compatible for Editor in 0.37 ms, found 0 plugins.
Preloading 0 native plugins for Editor in 0.00 ms.
Unloading 1178 Unused Serialized files (Serialized files now loaded: 0)
System memory in use before: 88.5 MB.
System memory in use after: 88.6 MB.

Unloading 3 unused Assets to reduce memory usage. Loaded Objects now: 1730.
Total: 1.798200 ms (FindLiveObjects: 0.164600 ms CreateObjectMapping: 0.027300 ms MarkObjects: 1.591600 ms  DeleteObjects: 0.013600 ms)

========================================================================
Received Prepare
Registering precompiled user dll's ...
Registered in 0.001216 seconds.
Begin MonoManager ReloadAssembly
Native extension for WindowsStandalone target not found
Refreshing native plugins compatible for Editor in 0.34 ms, found 0 plugins.
Preloading 0 native plugins for Editor in 0.00 ms.
Invoked RoslynAnalysisRunner static constructor.
RoslynAnalysisRunner will not be running.
RoslynAnalysisRunner has terminated.
Mono: successfully reloaded assembly
- Completed reload, in  0.698 seconds
Platform modules already initialized, skipping
Refreshing native plugins compatible for Editor in 0.36 ms, found 0 plugins.
Preloading 0 native plugins for Editor in 0.00 ms.
Unloading 1178 Unused Serialized files (Serialized files now loaded: 0)
System memory in use before: 88.5 MB.
System memory in use after: 88.6 MB.

Unloading 3 unused Assets to reduce memory usage. Loaded Objects now: 1732.
Total: 1.468000 ms (FindLiveObjects: 0.144700 ms CreateObjectMapping: 0.028300 ms MarkObjects: 1.283900 ms  DeleteObjects: 0.010300 ms)

========================================================================
Received Prepare
Registering precompiled user dll's ...
Registered in 0.000870 seconds.
Begin MonoManager ReloadAssembly
Native extension for WindowsStandalone target not found
Refreshing native plugins compatible for Editor in 0.39 ms, found 0 plugins.
Preloading 0 native plugins for Editor in 0.00 ms.
Invoked RoslynAnalysisRunner static constructor.
RoslynAnalysisRunner will not be running.
RoslynAnalysisRunner has terminated.
Mono: successfully reloaded assembly
- Completed reload, in  0.697 seconds
Platform modules already initialized, skipping
Refreshing native plugins compatible for Editor in 0.38 ms, found 0 plugins.
Preloading 0 native plugins for Editor in 0.00 ms.
Unloading 1178 Unused Serialized files (Serialized files now loaded: 0)
System memory in use before: 89.5 MB.
System memory in use after: 89.6 MB.

Unloading 3 unused Assets to reduce memory usage. Loaded Objects now: 1734.
Total: 1.533500 ms (FindLiveObjects: 0.170500 ms CreateObjectMapping: 0.028700 ms MarkObjects: 1.322400 ms  DeleteObjects: 0.010800 ms)

========================================================================
Received Prepare
Registering precompiled user dll's ...
Registered in 0.000812 seconds.
Begin MonoManager ReloadAssembly
Native extension for WindowsStandalone target not found
Refreshing native plugins compatible for Editor in 0.37 ms, found 0 plugins.
Preloading 0 native plugins for Editor in 0.00 ms.
Invoked RoslynAnalysisRunner static constructor.
RoslynAnalysisRunner will not be running.
RoslynAnalysisRunner has terminated.
Mono: successfully reloaded assembly
- Completed reload, in  0.716 seconds
Platform modules already initialized, skipping
Refreshing native plugins compatible for Editor in 0.33 ms, found 0 plugins.
Preloading 0 native plugins for Editor in 0.00 ms.
Unloading 1178 Unused Serialized files (Serialized files now loaded: 0)
System memory in use before: 88.5 MB.
System memory in use after: 88.6 MB.

Unloading 3 unused Assets to reduce memory usage. Loaded Objects now: 1736.
Total: 1.496600 ms (FindLiveObjects: 0.172700 ms CreateObjectMapping: 0.035100 ms MarkObjects: 1.278300 ms  DeleteObjects: 0.009700 ms)

========================================================================
Received Prepare
Registering precompiled user dll's ...
Registered in 0.000892 seconds.
Begin MonoManager ReloadAssembly
Native extension for WindowsStandalone target not found
Refreshing native plugins compatible for Editor in 0.34 ms, found 0 plugins.
Preloading 0 native plugins for Editor in 0.00 ms.
Invoked RoslynAnalysisRunner static constructor.
RoslynAnalysisRunner will not be running.
RoslynAnalysisRunner has terminated.
Mono: successfully reloaded assembly
- Completed reload, in  0.737 seconds
Platform modules already initialized, skipping
Refreshing native plugins compatible for Editor in 0.34 ms, found 0 plugins.
Preloading 0 native plugins for Editor in 0.00 ms.
Unloading 1178 Unused Serialized files (Serialized files now loaded: 0)
System memory in use before: 88.5 MB.
System memory in use after: 88.6 MB.

Unloading 3 unused Assets to reduce memory usage. Loaded Objects now: 1738.
Total: 2.029500 ms (FindLiveObjects: 0.184400 ms CreateObjectMapping: 0.028800 ms MarkObjects: 1.802800 ms  DeleteObjects: 0.012500 ms)

========================================================================
Received Prepare
Registering precompiled user dll's ...
Registered in 0.000857 seconds.
Begin MonoManager ReloadAssembly
Native extension for WindowsStandalone target not found
Refreshing native plugins compatible for Editor in 0.40 ms, found 0 plugins.
Preloading 0 native plugins for Editor in 0.00 ms.
Invoked RoslynAnalysisRunner static constructor.
RoslynAnalysisRunner will not be running.
RoslynAnalysisRunner has terminated.
Mono: successfully reloaded assembly
- Completed reload, in  0.686 seconds
Platform modules already initialized, skipping
Refreshing native plugins compatible for Editor in 0.35 ms, found 0 plugins.
Preloading 0 native plugins for Editor in 0.00 ms.
Unloading 1178 Unused Serialized files (Serialized files now loaded: 0)
System memory in use before: 88.5 MB.
System memory in use after: 88.6 MB.

Unloading 3 unused Assets to reduce memory usage. Loaded Objects now: 1740.
Total: 1.917500 ms (FindLiveObjects: 0.154100 ms CreateObjectMapping: 0.027800 ms MarkObjects: 1.717100 ms  DeleteObjects: 0.017300 ms)

========================================================================
Received Prepare
Registering precompiled user dll's ...
Registered in 0.000761 seconds.
Begin MonoManager ReloadAssembly
Native extension for WindowsStandalone target not found
Refreshing native plugins compatible for Editor in 0.36 ms, found 0 plugins.
Preloading 0 native plugins for Editor in 0.00 ms.
Invoked RoslynAnalysisRunner static constructor.
RoslynAnalysisRunner will not be running.
RoslynAnalysisRunner has terminated.
Mono: successfully reloaded assembly
- Completed reload, in  0.719 seconds
Platform modules already initialized, skipping
Refreshing native plugins compatible for Editor in 0.35 ms, found 0 plugins.
Preloading 0 native plugins for Editor in 0.00 ms.
Unloading 1178 Unused Serialized files (Serialized files now loaded: 0)
System memory in use before: 88.5 MB.
System memory in use after: 88.6 MB.

Unloading 3 unused Assets to reduce memory usage. Loaded Objects now: 1742.
Total: 1.757400 ms (FindLiveObjects: 0.152100 ms CreateObjectMapping: 0.029500 ms MarkObjects: 1.562500 ms  DeleteObjects: 0.012100 ms)

========================================================================
Received Prepare
Registering precompiled user dll's ...
Registered in 0.000929 seconds.
Begin MonoManager ReloadAssembly
Native extension for WindowsStandalone target not found
Refreshing native plugins compatible for Editor in 0.38 ms, found 0 plugins.
Preloading 0 native plugins for Editor in 0.00 ms.
Invoked RoslynAnalysisRunner static constructor.
RoslynAnalysisRunner will not be running.
RoslynAnalysisRunner has terminated.
Mono: successfully reloaded assembly
- Completed reload, in  0.767 seconds
Platform modules already initialized, skipping
Refreshing native plugins compatible for Editor in 0.40 ms, found 0 plugins.
Preloading 0 native plugins for Editor in 0.00 ms.
Unloading 1178 Unused Serialized files (Serialized files now loaded: 0)
System memory in use before: 88.5 MB.
System memory in use after: 88.6 MB.

Unloading 3 unused Assets to reduce memory usage. Loaded Objects now: 1744.
Total: 1.788700 ms (FindLiveObjects: 0.175800 ms CreateObjectMapping: 0.028000 ms MarkObjects: 1.569300 ms  DeleteObjects: 0.014700 ms)

========================================================================
Received Prepare
Registering precompiled user dll's ...
Registered in 0.000887 seconds.
Begin MonoManager ReloadAssembly
Native extension for WindowsStandalone target not found
Refreshing native plugins compatible for Editor in 0.39 ms, found 0 plugins.
Preloading 0 native plugins for Editor in 0.00 ms.
Invoked RoslynAnalysisRunner static constructor.
RoslynAnalysisRunner will not be running.
RoslynAnalysisRunner has terminated.
Mono: successfully reloaded assembly
- Completed reload, in  0.694 seconds
Platform modules already initialized, skipping
Refreshing native plugins compatible for Editor in 0.36 ms, found 0 plugins.
Preloading 0 native plugins for Editor in 0.00 ms.
Unloading 1178 Unused Serialized files (Serialized files now loaded: 0)
System memory in use before: 88.5 MB.
System memory in use after: 88.7 MB.

Unloading 3 unused Assets to reduce memory usage. Loaded Objects now: 1746.
Total: 1.669500 ms (FindLiveObjects: 0.163500 ms CreateObjectMapping: 0.027800 ms MarkObjects: 1.466800 ms  DeleteObjects: 0.010600 ms)

AssetImportWorkerClient::OnTransportError - code=2 error=End of file
