Using pre-set license
Built from '2020.2/release' branch; Version is '2020.2.2f1 (068178b99f32) revision 426360'; Using compiler version '192528614'; Build Type 'Release'
OS: 'Windows 10 Education; OS build 18363.1379; Version 1909; 64bit' Language: 'ko' Physical Memory: 16335 MB
BatchMode: 1, IsHumanControllingUs: 0, StartBugReporterOnCrash: 0, Is64bit: 1, IsPro: 0

 COMMAND LINE ARGUMENTS:
C:\Program Files\2020.2.2f1\Editor\Unity.exe
-adb2
-batchMode
-noUpm
-name
AssetImportWorker0
-projectPath
C:/Users/윤성재/Desktop/Kronos/Kronos2/Kronos
-logFile
Logs/AssetImportWorker0.log
-srvPort
59530
Successfully changed project path to: C:/Users/윤성재/Desktop/Kronos/Kronos2/Kronos
C:/Users/윤성재/Desktop/Kronos/Kronos2/Kronos
Using Asset Import Pipeline V2.
Refreshing native plugins compatible for Editor in 44.87 ms, found 0 plugins.
Preloading 0 native plugins for Editor in 0.00 ms.
Initialize engine version: 2020.2.2f1 (068178b99f32)
[Subsystems] Discovering subsystems at path C:/Program Files/2020.2.2f1/Editor/Data/Resources/UnitySubsystems
[Subsystems] Discovering subsystems at path C:/Users/윤성재/Desktop/Kronos/Kronos2/Kronos/Assets
GfxDevice: creating device client; threaded=0
Direct3D:
    Version:  Direct3D 11.0 [level 11.1]
    Renderer: NVIDIA GeForce GTX 1060 6GB (ID=0x1c03)
    Vendor:   
    VRAM:     6052 MB
    Driver:   27.21.14.5671
Initialize mono
Mono path[0] = 'C:/Program Files/2020.2.2f1/Editor/Data/Managed'
Mono path[1] = 'C:/Program Files/2020.2.2f1/Editor/Data/MonoBleedingEdge/lib/mono/unityjit'
Mono config path = 'C:/Program Files/2020.2.2f1/Editor/Data/MonoBleedingEdge/etc'
Using monoOptions --debugger-agent=transport=dt_socket,embedding=1,server=y,suspend=n,address=127.0.0.1:56340
Begin MonoManager ReloadAssembly
Registering precompiled unity dll's ...
Register platform support module: C:/Program Files/2020.2.2f1/Editor/Data/PlaybackEngines/WindowsStandaloneSupport/UnityEditor.WindowsStandalone.Extensions.dll
Registered in 0.001838 seconds.
Native extension for WindowsStandalone target not found
Refreshing native plugins compatible for Editor in 45.58 ms, found 0 plugins.
Preloading 0 native plugins for Editor in 0.00 ms.
Invoked RoslynAnalysisRunner static constructor.
RoslynAnalysisRunner will not be running.
RoslynAnalysisRunner has terminated.
Mono: successfully reloaded assembly
- Completed reload, in  1.818 seconds
Platform modules already initialized, skipping
Registering precompiled user dll's ...
Registered in 0.001102 seconds.
Begin MonoManager ReloadAssembly
Native extension for WindowsStandalone target not found
Refreshing native plugins compatible for Editor in 0.54 ms, found 0 plugins.
Preloading 0 native plugins for Editor in 0.00 ms.
Invoked RoslynAnalysisRunner static constructor.
RoslynAnalysisRunner will not be running.
RoslynAnalysisRunner has terminated.
Mono: successfully reloaded assembly
- Completed reload, in  0.871 seconds
Platform modules already initialized, skipping
========================================================================
Worker process is ready to serve import requests
Launched and connected shader compiler UnityShaderCompiler.exe after 0.06 seconds
Refreshing native plugins compatible for Editor in 0.58 ms, found 0 plugins.
Preloading 0 native plugins for Editor in 0.00 ms.
Unloading 1229 Unused Serialized files (Serialized files now loaded: 0)
System memory in use before: 76.1 MB.
System memory in use after: 76.2 MB.

Unloading 8 unused Assets to reduce memory usage. Loaded Objects now: 1682.
Total: 2.070600 ms (FindLiveObjects: 0.158500 ms CreateObjectMapping: 0.035500 ms MarkObjects: 1.789500 ms  DeleteObjects: 0.085600 ms)

========================================================================
Received Import Request.
  path: Assets/Resources/ModularAnimalKnightsPBR/Animation/RollLF.fbx
  artifactKey: Guid(0b8f9e2bdba367a48a33092e9b0333a6) Importer(815301076,1909f56bfc062723c751e8b465ee728b)
Start importing Assets/Resources/ModularAnimalKnightsPBR/Animation/RollLF.fbx using Guid(0b8f9e2bdba367a48a33092e9b0333a6) Importer(815301076,1909f56bfc062723c751e8b465ee728b)  -> (artifact id: '0fd56ccb0a3063971141ed5656ce790c') in 0.193141 seconds
  Import took 0.196232 seconds .

========================================================================
Received Prepare
Registering precompiled user dll's ...
Registered in 0.001167 seconds.
Begin MonoManager ReloadAssembly
Native extension for WindowsStandalone target not found
Refreshing native plugins compatible for Editor in 0.48 ms, found 0 plugins.
Preloading 0 native plugins for Editor in 0.00 ms.
Invoked RoslynAnalysisRunner static constructor.
RoslynAnalysisRunner will not be running.
RoslynAnalysisRunner has terminated.
Mono: successfully reloaded assembly
- Completed reload, in  0.652 seconds
Platform modules already initialized, skipping
Refreshing native plugins compatible for Editor in 0.77 ms, found 0 plugins.
Preloading 0 native plugins for Editor in 0.00 ms.
Unloading 1194 Unused Serialized files (Serialized files now loaded: 0)
System memory in use before: 89.1 MB.
System memory in use after: 89.2 MB.

Unloading 4 unused Assets to reduce memory usage. Loaded Objects now: 1695.
Total: 1.414000 ms (FindLiveObjects: 0.163600 ms CreateObjectMapping: 0.028400 ms MarkObjects: 1.205000 ms  DeleteObjects: 0.015900 ms)

========================================================================
Received Import Request.
  Time since last request: 114.177745 seconds.
  path: Assets/Resources/ModularAnimalKnightsPBR/Animation/RollForward.fbx
  artifactKey: Guid(2b3e7b11ea5023249aa68b0b3a4b0317) Importer(815301076,1909f56bfc062723c751e8b465ee728b)
Start importing Assets/Resources/ModularAnimalKnightsPBR/Animation/RollForward.fbx using Guid(2b3e7b11ea5023249aa68b0b3a4b0317) Importer(815301076,1909f56bfc062723c751e8b465ee728b)  -> (artifact id: 'b5be878b4347c50278ad0c7a16fcb118') in 0.098821 seconds
  Import took 0.102862 seconds .

========================================================================
Received Import Request.
  Time since last request: 5.147172 seconds.
  path: Assets/Resources/ModularAnimalKnightsPBR/Animation/RollLeft.fbx
  artifactKey: Guid(8bdcb00324f568f46ba2a03900b276ff) Importer(815301076,1909f56bfc062723c751e8b465ee728b)
Start importing Assets/Resources/ModularAnimalKnightsPBR/Animation/RollLeft.fbx using Guid(8bdcb00324f568f46ba2a03900b276ff) Importer(815301076,1909f56bfc062723c751e8b465ee728b)  -> (artifact id: 'ffa5b34ede5840910486b2b70d7361f4') in 0.039322 seconds
  Import took 0.041908 seconds .

========================================================================
Received Import Request.
  Time since last request: 9.448683 seconds.
  path: Assets/Resources/ModularAnimalKnightsPBR/Animation/RollRight.fbx
  artifactKey: Guid(1b4874ec5ff1f944ba4094550184fea3) Importer(815301076,1909f56bfc062723c751e8b465ee728b)
Start importing Assets/Resources/ModularAnimalKnightsPBR/Animation/RollRight.fbx using Guid(1b4874ec5ff1f944ba4094550184fea3) Importer(815301076,1909f56bfc062723c751e8b465ee728b)  -> (artifact id: 'e5369a8cbe5e9289575ee41b06f662ae') in 0.041171 seconds
  Import took 0.043737 seconds .

========================================================================
Received Import Request.
  Time since last request: 0.934947 seconds.
  path: Assets/Resources/ModularAnimalKnightsPBR/Animation/RollRF.fbx
  artifactKey: Guid(1efe956c552c1804895bae55e7e0f37e) Importer(815301076,1909f56bfc062723c751e8b465ee728b)
Start importing Assets/Resources/ModularAnimalKnightsPBR/Animation/RollRF.fbx using Guid(1efe956c552c1804895bae55e7e0f37e) Importer(815301076,1909f56bfc062723c751e8b465ee728b)  -> (artifact id: '47553568c353386c508140526c73f1ba') in 0.036298 seconds
  Import took 0.038955 seconds .

========================================================================
Received Import Request.
  Time since last request: 12.909583 seconds.
  path: Assets/Resources/ModularAnimalKnightsPBR/Animation/RollLB.fbx
  artifactKey: Guid(a0f54a0aee38f974a9006b738e278e47) Importer(815301076,1909f56bfc062723c751e8b465ee728b)
Start importing Assets/Resources/ModularAnimalKnightsPBR/Animation/RollLB.fbx using Guid(a0f54a0aee38f974a9006b738e278e47) Importer(815301076,1909f56bfc062723c751e8b465ee728b)  -> (artifact id: 'a806b4ebcd07ac5a78d25d6abd424c49') in 0.039944 seconds
  Import took 0.042749 seconds .

========================================================================
Received Import Request.
  Time since last request: 1.310668 seconds.
  path: Assets/Resources/ModularAnimalKnightsPBR/Animation/RollBackward.fbx
  artifactKey: Guid(62310b775099a1e4d9a4144eecbb9207) Importer(815301076,1909f56bfc062723c751e8b465ee728b)
Start importing Assets/Resources/ModularAnimalKnightsPBR/Animation/RollBackward.fbx using Guid(62310b775099a1e4d9a4144eecbb9207) Importer(815301076,1909f56bfc062723c751e8b465ee728b)  -> (artifact id: 'd3b38a02bef76ed7d2f8fa42402de043') in 0.045819 seconds
  Import took 0.048973 seconds .

========================================================================
Received Import Request.
  Time since last request: 2.817488 seconds.
  path: Assets/Resources/ModularAnimalKnightsPBR/Animation/RollRB.fbx
  artifactKey: Guid(22fc31d55c18d85478c9ab699f565dea) Importer(815301076,1909f56bfc062723c751e8b465ee728b)
Start importing Assets/Resources/ModularAnimalKnightsPBR/Animation/RollRB.fbx using Guid(22fc31d55c18d85478c9ab699f565dea) Importer(815301076,1909f56bfc062723c751e8b465ee728b)  -> (artifact id: 'a9f823c742f36867f8dfa0cbfb2b6a1e') in 0.038344 seconds
  Import took 0.040994 seconds .

========================================================================
Received Prepare
Registering precompiled user dll's ...
Registered in 0.001179 seconds.
Begin MonoManager ReloadAssembly
Native extension for WindowsStandalone target not found
Refreshing native plugins compatible for Editor in 0.47 ms, found 0 plugins.
Preloading 0 native plugins for Editor in 0.00 ms.
Invoked RoslynAnalysisRunner static constructor.
RoslynAnalysisRunner will not be running.
RoslynAnalysisRunner has terminated.
Mono: successfully reloaded assembly
- Completed reload, in  0.639 seconds
Platform modules already initialized, skipping
Refreshing native plugins compatible for Editor in 0.52 ms, found 0 plugins.
Preloading 0 native plugins for Editor in 0.00 ms.
Unloading 1194 Unused Serialized files (Serialized files now loaded: 0)
System memory in use before: 89.2 MB.
System memory in use after: 89.3 MB.

Unloading 4 unused Assets to reduce memory usage. Loaded Objects now: 1698.
Total: 1.445100 ms (FindLiveObjects: 0.140600 ms CreateObjectMapping: 0.027700 ms MarkObjects: 1.259800 ms  DeleteObjects: 0.016000 ms)

========================================================================
Received Import Request.
  Time since last request: 106.012855 seconds.
  path: Assets/Resources/10 Player/PlayerAnimatorController.controller
  artifactKey: Guid(b1a0b72edc0d80443b356a67e035087f) Importer(815301076,1909f56bfc062723c751e8b465ee728b)
Start importing Assets/Resources/10 Player/PlayerAnimatorController.controller using Guid(b1a0b72edc0d80443b356a67e035087f) Importer(815301076,1909f56bfc062723c751e8b465ee728b)  -> (artifact id: '15b821caa0239b170c7c9e475ed21312') in 0.042414 seconds
  Import took 0.046777 seconds .

========================================================================
Received Prepare
Registering precompiled user dll's ...
Registered in 0.001054 seconds.
Begin MonoManager ReloadAssembly
Native extension for WindowsStandalone target not found
Refreshing native plugins compatible for Editor in 0.49 ms, found 0 plugins.
Preloading 0 native plugins for Editor in 0.00 ms.
Invoked RoslynAnalysisRunner static constructor.
RoslynAnalysisRunner will not be running.
RoslynAnalysisRunner has terminated.
Mono: successfully reloaded assembly
- Completed reload, in  0.647 seconds
Platform modules already initialized, skipping
Refreshing native plugins compatible for Editor in 0.51 ms, found 0 plugins.
Preloading 0 native plugins for Editor in 0.00 ms.
Unloading 1194 Unused Serialized files (Serialized files now loaded: 0)
System memory in use before: 89.2 MB.
System memory in use after: 89.3 MB.

Unloading 3 unused Assets to reduce memory usage. Loaded Objects now: 1700.
Total: 1.418100 ms (FindLiveObjects: 0.160000 ms CreateObjectMapping: 0.028000 ms MarkObjects: 1.218700 ms  DeleteObjects: 0.010200 ms)

========================================================================
Received Prepare
Registering precompiled user dll's ...
Registered in 0.001125 seconds.
Begin MonoManager ReloadAssembly
Native extension for WindowsStandalone target not found
Refreshing native plugins compatible for Editor in 0.51 ms, found 0 plugins.
Preloading 0 native plugins for Editor in 0.00 ms.
Invoked RoslynAnalysisRunner static constructor.
RoslynAnalysisRunner will not be running.
RoslynAnalysisRunner has terminated.
Mono: successfully reloaded assembly
- Completed reload, in  0.667 seconds
Platform modules already initialized, skipping
Refreshing native plugins compatible for Editor in 0.50 ms, found 0 plugins.
Preloading 0 native plugins for Editor in 0.00 ms.
Unloading 1194 Unused Serialized files (Serialized files now loaded: 0)
System memory in use before: 89.2 MB.
System memory in use after: 89.3 MB.

Unloading 3 unused Assets to reduce memory usage. Loaded Objects now: 1702.
Total: 1.442100 ms (FindLiveObjects: 0.146400 ms CreateObjectMapping: 0.028500 ms MarkObjects: 1.254600 ms  DeleteObjects: 0.011300 ms)

========================================================================
Received Import Request.
  Time since last request: 316.529915 seconds.
  path: Assets/Resources/Effect/Epic Toon FX/Prefabs/Combat/Missiles/Magic
  artifactKey: Guid(947cb6fb010e09c4187dc54718b1efc4) Importer(815301076,1909f56bfc062723c751e8b465ee728b)
Start importing Assets/Resources/Effect/Epic Toon FX/Prefabs/Combat/Missiles/Magic using Guid(947cb6fb010e09c4187dc54718b1efc4) Importer(815301076,1909f56bfc062723c751e8b465ee728b)  -> (artifact id: 'e6ae90b76fbdb4a0acfb1de0422b35d3') in 0.008861 seconds
  Import took 0.011254 seconds .

========================================================================
Received Import Request.
  Time since last request: 0.820302 seconds.
  path: Assets/Resources/Effect/Epic Toon FX/Prefabs/Combat/Missiles/Magic/MagicMissileBlue.prefab
  artifactKey: Guid(e85f4a610ef9e5b4aa9cedce76136489) Importer(815301076,1909f56bfc062723c751e8b465ee728b)
Start importing Assets/Resources/Effect/Epic Toon FX/Prefabs/Combat/Missiles/Magic/MagicMissileBlue.prefab using Guid(e85f4a610ef9e5b4aa9cedce76136489) Importer(815301076,1909f56bfc062723c751e8b465ee728b)  -> (artifact id: 'b9d2e6761db323e335bc8ae90bbf4c44') in 0.026172 seconds
  Import took 0.028775 seconds .

========================================================================
Received Import Request.
  Time since last request: 0.044787 seconds.
  path: Assets/Resources/Effect/Epic Toon FX/Prefabs/Combat/Missiles/Magic/MagicMissileBlue.prefab
  artifactKey: Guid(e85f4a610ef9e5b4aa9cedce76136489) Importer(815301076,1909f56bfc062723c751e8b465ee728b)
Start importing Assets/Resources/Effect/Epic Toon FX/Prefabs/Combat/Missiles/Magic/MagicMissileBlue.prefab using Guid(e85f4a610ef9e5b4aa9cedce76136489) Importer(815301076,1909f56bfc062723c751e8b465ee728b)  -> (artifact id: 'b9d2e6761db323e335bc8ae90bbf4c44') in 0.005492 seconds
  Import took 0.007977 seconds .

========================================================================
Received Import Request.
  Time since last request: 18.902562 seconds.
  path: Assets/Resources/Effect/Epic Toon FX/Prefabs/Combat/BombFuse/BombFuse.prefab
  artifactKey: Guid(0b4ea991852d6984aab98759fa8d4ebb) Importer(815301076,1909f56bfc062723c751e8b465ee728b)
Start importing Assets/Resources/Effect/Epic Toon FX/Prefabs/Combat/BombFuse/BombFuse.prefab using Guid(0b4ea991852d6984aab98759fa8d4ebb) Importer(815301076,1909f56bfc062723c751e8b465ee728b)  -> (artifact id: '23ade4d34a92091b5b13f21e6af12b68') in 0.009949 seconds
  Import took 0.012740 seconds .

========================================================================
Received Import Request.
  Time since last request: 0.008331 seconds.
  path: Assets/Resources/Effect/Epic Toon FX/Prefabs/Combat/BombFuse/BombFuse.prefab
  artifactKey: Guid(0b4ea991852d6984aab98759fa8d4ebb) Importer(815301076,1909f56bfc062723c751e8b465ee728b)
Start importing Assets/Resources/Effect/Epic Toon FX/Prefabs/Combat/BombFuse/BombFuse.prefab using Guid(0b4ea991852d6984aab98759fa8d4ebb) Importer(815301076,1909f56bfc062723c751e8b465ee728b)  -> (artifact id: '23ade4d34a92091b5b13f21e6af12b68') in 0.005296 seconds
  Import took 0.008169 seconds .

========================================================================
Received Import Request.
  Time since last request: 6.521856 seconds.
  path: Assets/Resources/Effect/Epic Toon FX/Prefabs/Combat/Explosions/FrostExplosion/FrostExplosionBlue.prefab
  artifactKey: Guid(932046b7eaf3b554f8d74c81e2f00558) Importer(815301076,1909f56bfc062723c751e8b465ee728b)
Start importing Assets/Resources/Effect/Epic Toon FX/Prefabs/Combat/Explosions/FrostExplosion/FrostExplosionBlue.prefab using Guid(932046b7eaf3b554f8d74c81e2f00558) Importer(815301076,1909f56bfc062723c751e8b465ee728b)  -> (artifact id: 'd3b010abcf7c010e57b099d813252349') in 0.010214 seconds
  Import took 0.013051 seconds .

========================================================================
Received Import Request.
  Time since last request: 0.010896 seconds.
  path: Assets/Resources/Effect/Epic Toon FX/Prefabs/Combat/Explosions/FrostExplosion/FrostExplosionBlue.prefab
  artifactKey: Guid(932046b7eaf3b554f8d74c81e2f00558) Importer(815301076,1909f56bfc062723c751e8b465ee728b)
Start importing Assets/Resources/Effect/Epic Toon FX/Prefabs/Combat/Explosions/FrostExplosion/FrostExplosionBlue.prefab using Guid(932046b7eaf3b554f8d74c81e2f00558) Importer(815301076,1909f56bfc062723c751e8b465ee728b)  -> (artifact id: 'd3b010abcf7c010e57b099d813252349') in 0.006395 seconds
  Import took 0.009719 seconds .

========================================================================
Received Import Request.
  Time since last request: 2.397104 seconds.
  path: Assets/Resources/Effect/Epic Toon FX/Prefabs/Combat/Explosions/BulletExplosion
  artifactKey: Guid(9109eaf856c74b84f89df9db9edabc6e) Importer(815301076,1909f56bfc062723c751e8b465ee728b)
Start importing Assets/Resources/Effect/Epic Toon FX/Prefabs/Combat/Explosions/BulletExplosion using Guid(9109eaf856c74b84f89df9db9edabc6e) Importer(815301076,1909f56bfc062723c751e8b465ee728b)  -> (artifact id: '2bd3adddb45700a267382eb486340c2d') in 0.006409 seconds
  Import took 0.008944 seconds .

========================================================================
Received Import Request.
  Time since last request: 1.700971 seconds.
  path: Assets/Resources/Effect/Epic Toon FX/Prefabs/Combat/Explosions/BulletExplosion/BulletExplosionBlue.prefab
  artifactKey: Guid(79b0a8abb1f641b4a8faa10b904758ea) Importer(815301076,1909f56bfc062723c751e8b465ee728b)
Start importing Assets/Resources/Effect/Epic Toon FX/Prefabs/Combat/Explosions/BulletExplosion/BulletExplosionBlue.prefab using Guid(79b0a8abb1f641b4a8faa10b904758ea) Importer(815301076,1909f56bfc062723c751e8b465ee728b)  -> (artifact id: 'f1e215ad72a1dfecde852e77be655486') in 0.008614 seconds
  Import took 0.011226 seconds .

========================================================================
Received Import Request.
  Time since last request: 0.008708 seconds.
  path: Assets/Resources/Effect/Epic Toon FX/Prefabs/Combat/Explosions/BulletExplosion/BulletExplosionBlue.prefab
  artifactKey: Guid(79b0a8abb1f641b4a8faa10b904758ea) Importer(815301076,1909f56bfc062723c751e8b465ee728b)
Start importing Assets/Resources/Effect/Epic Toon FX/Prefabs/Combat/Explosions/BulletExplosion/BulletExplosionBlue.prefab using Guid(79b0a8abb1f641b4a8faa10b904758ea) Importer(815301076,1909f56bfc062723c751e8b465ee728b)  -> (artifact id: 'f1e215ad72a1dfecde852e77be655486') in 0.005076 seconds
  Import took 0.007389 seconds .

========================================================================
Received Import Request.
  Time since last request: 5.039051 seconds.
  path: Assets/Resources/Effect/Epic Toon FX/Prefabs/Combat/Explosions/BulletExplosion/BulletExplosionGreen.prefab
  artifactKey: Guid(bfbeddd8307f4e441aa8ae4537bf45ad) Importer(815301076,1909f56bfc062723c751e8b465ee728b)
Start importing Assets/Resources/Effect/Epic Toon FX/Prefabs/Combat/Explosions/BulletExplosion/BulletExplosionGreen.prefab using Guid(bfbeddd8307f4e441aa8ae4537bf45ad) Importer(815301076,1909f56bfc062723c751e8b465ee728b)  -> (artifact id: 'ac53d32126e9554b60863e91dfafe977') in 0.008572 seconds
  Import took 0.011065 seconds .

========================================================================
Received Import Request.
  Time since last request: 9.042643 seconds.
  path: Assets/Resources/Effect/Epic Toon FX/Prefabs/Combat/Explosions/BulletExplosion/BulletExplosionPink.prefab
  artifactKey: Guid(666381b24c234194882b77851e943ef1) Importer(815301076,1909f56bfc062723c751e8b465ee728b)
Start importing Assets/Resources/Effect/Epic Toon FX/Prefabs/Combat/Explosions/BulletExplosion/BulletExplosionPink.prefab using Guid(666381b24c234194882b77851e943ef1) Importer(815301076,1909f56bfc062723c751e8b465ee728b)  -> (artifact id: '530473d00394ae60b0bd0ddb70cd03fb') in 0.012152 seconds
  Import took 0.015123 seconds .

========================================================================
Received Import Request.
  Time since last request: 0.004818 seconds.
  path: Assets/Resources/Effect/Epic Toon FX/Prefabs/Combat/Explosions/BulletExplosion/BulletExplosionPink.prefab
  artifactKey: Guid(666381b24c234194882b77851e943ef1) Importer(815301076,1909f56bfc062723c751e8b465ee728b)
Start importing Assets/Resources/Effect/Epic Toon FX/Prefabs/Combat/Explosions/BulletExplosion/BulletExplosionPink.prefab using Guid(666381b24c234194882b77851e943ef1) Importer(815301076,1909f56bfc062723c751e8b465ee728b)  -> (artifact id: '530473d00394ae60b0bd0ddb70cd03fb') in 0.005354 seconds
  Import took 0.008013 seconds .

========================================================================
Received Import Request.
  Time since last request: 28.300854 seconds.
  path: Assets/Resources/Effect/Player/DefendSuccess.prefab
  artifactKey: Guid(bfbeddd8307f4e441aa8ae4537bf45ad) Importer(815301076,1909f56bfc062723c751e8b465ee728b)
Start importing Assets/Resources/Effect/Player/DefendSuccess.prefab using Guid(bfbeddd8307f4e441aa8ae4537bf45ad) Importer(815301076,1909f56bfc062723c751e8b465ee728b)  -> (artifact id: 'd710695e17823614b64cb32755539bed') in 0.009082 seconds
  Import took 0.012088 seconds .

========================================================================
Received Import Request.
  Time since last request: 7.516840 seconds.
  path: Assets/Resources/Effect/Player/DefendParry.prefab
  artifactKey: Guid(666381b24c234194882b77851e943ef1) Importer(815301076,1909f56bfc062723c751e8b465ee728b)
Start importing Assets/Resources/Effect/Player/DefendParry.prefab using Guid(666381b24c234194882b77851e943ef1) Importer(815301076,1909f56bfc062723c751e8b465ee728b)  -> (artifact id: '5190821e6b67348b6a1a45a76469a8b0') in 0.015543 seconds
  Import took 0.018874 seconds .

========================================================================
Received Import Request.
  Time since last request: 11.311738 seconds.
  path: Assets/Resources/Effect/Player/DefendParrying.prefab
  artifactKey: Guid(666381b24c234194882b77851e943ef1) Importer(815301076,1909f56bfc062723c751e8b465ee728b)
Start importing Assets/Resources/Effect/Player/DefendParrying.prefab using Guid(666381b24c234194882b77851e943ef1) Importer(815301076,1909f56bfc062723c751e8b465ee728b)  -> (artifact id: '3fd1a2c395d9b9b064b2cfae8da49a07') in 0.009775 seconds
  Import took 0.012839 seconds .

========================================================================
Received Prepare
Registering precompiled user dll's ...
Registered in 0.001120 seconds.
Begin MonoManager ReloadAssembly
Native extension for WindowsStandalone target not found
Refreshing native plugins compatible for Editor in 0.49 ms, found 0 plugins.
Preloading 0 native plugins for Editor in 0.00 ms.
Invoked RoslynAnalysisRunner static constructor.
RoslynAnalysisRunner will not be running.
RoslynAnalysisRunner has terminated.
Mono: successfully reloaded assembly
- Completed reload, in  0.678 seconds
Platform modules already initialized, skipping
Refreshing native plugins compatible for Editor in 0.51 ms, found 0 plugins.
Preloading 0 native plugins for Editor in 0.00 ms.
Unloading 1194 Unused Serialized files (Serialized files now loaded: 0)
System memory in use before: 89.3 MB.
System memory in use after: 89.4 MB.

Unloading 3 unused Assets to reduce memory usage. Loaded Objects now: 1705.
Total: 1.414700 ms (FindLiveObjects: 0.145900 ms CreateObjectMapping: 0.027800 ms MarkObjects: 1.229500 ms  DeleteObjects: 0.010300 ms)

========================================================================
Received Prepare
Registering precompiled user dll's ...
Registered in 0.001622 seconds.
Begin MonoManager ReloadAssembly
Native extension for WindowsStandalone target not found
Refreshing native plugins compatible for Editor in 0.56 ms, found 0 plugins.
Preloading 0 native plugins for Editor in 0.00 ms.
Invoked RoslynAnalysisRunner static constructor.
RoslynAnalysisRunner will not be running.
RoslynAnalysisRunner has terminated.
Mono: successfully reloaded assembly
- Completed reload, in  0.758 seconds
Platform modules already initialized, skipping
Refreshing native plugins compatible for Editor in 0.69 ms, found 0 plugins.
Preloading 0 native plugins for Editor in 0.00 ms.
Unloading 1194 Unused Serialized files (Serialized files now loaded: 0)
System memory in use before: 89.3 MB.
System memory in use after: 89.4 MB.

Unloading 3 unused Assets to reduce memory usage. Loaded Objects now: 1707.
Total: 1.630600 ms (FindLiveObjects: 0.196100 ms CreateObjectMapping: 0.034400 ms MarkObjects: 1.387000 ms  DeleteObjects: 0.012300 ms)

========================================================================
Received Prepare
Registering precompiled user dll's ...
Registered in 0.001120 seconds.
Begin MonoManager ReloadAssembly
Native extension for WindowsStandalone target not found
Refreshing native plugins compatible for Editor in 0.48 ms, found 0 plugins.
Preloading 0 native plugins for Editor in 0.00 ms.
Invoked RoslynAnalysisRunner static constructor.
RoslynAnalysisRunner will not be running.
RoslynAnalysisRunner has terminated.
Mono: successfully reloaded assembly
- Completed reload, in  0.695 seconds
Platform modules already initialized, skipping
Refreshing native plugins compatible for Editor in 0.49 ms, found 0 plugins.
Preloading 0 native plugins for Editor in 0.00 ms.
Unloading 1194 Unused Serialized files (Serialized files now loaded: 0)
System memory in use before: 89.3 MB.
System memory in use after: 89.4 MB.

Unloading 3 unused Assets to reduce memory usage. Loaded Objects now: 1709.
Total: 1.599300 ms (FindLiveObjects: 0.179500 ms CreateObjectMapping: 0.029200 ms MarkObjects: 1.376600 ms  DeleteObjects: 0.012600 ms)

========================================================================
Received Import Request.
  Time since last request: 224.193944 seconds.
  path: Assets/Resources/10 Player/PlayerAnimatorController.controller
  artifactKey: Guid(b1a0b72edc0d80443b356a67e035087f) Importer(815301076,1909f56bfc062723c751e8b465ee728b)
Start importing Assets/Resources/10 Player/PlayerAnimatorController.controller using Guid(b1a0b72edc0d80443b356a67e035087f) Importer(815301076,1909f56bfc062723c751e8b465ee728b)  -> (artifact id: '42517de47191ad4e57a977d908d69414') in 0.033915 seconds
  Import took 0.038277 seconds .

========================================================================
Received Prepare
Registering precompiled user dll's ...
Registered in 0.000980 seconds.
Begin MonoManager ReloadAssembly
Native extension for WindowsStandalone target not found
Refreshing native plugins compatible for Editor in 0.50 ms, found 0 plugins.
Preloading 0 native plugins for Editor in 0.00 ms.
Invoked RoslynAnalysisRunner static constructor.
RoslynAnalysisRunner will not be running.
RoslynAnalysisRunner has terminated.
Mono: successfully reloaded assembly
- Completed reload, in  0.706 seconds
Platform modules already initialized, skipping
Refreshing native plugins compatible for Editor in 0.56 ms, found 0 plugins.
Preloading 0 native plugins for Editor in 0.00 ms.
Unloading 1194 Unused Serialized files (Serialized files now loaded: 0)
System memory in use before: 89.3 MB.
System memory in use after: 89.4 MB.

Unloading 3 unused Assets to reduce memory usage. Loaded Objects now: 1711.
Total: 1.446900 ms (FindLiveObjects: 0.146200 ms CreateObjectMapping: 0.030400 ms MarkObjects: 1.258200 ms  DeleteObjects: 0.011000 ms)

========================================================================
Received Import Request.
  Time since last request: 283.218464 seconds.
  path: Assets/Resources/Effect/Player/DefendParrying.prefab
  artifactKey: Guid(666381b24c234194882b77851e943ef1) Importer(815301076,1909f56bfc062723c751e8b465ee728b)
Start importing Assets/Resources/Effect/Player/DefendParrying.prefab using Guid(666381b24c234194882b77851e943ef1) Importer(815301076,1909f56bfc062723c751e8b465ee728b)  -> (artifact id: '0024d1066f4742591e22f189a447ff5a') in 0.027802 seconds
  Import took 0.030665 seconds .

========================================================================
Received Prepare
Registering precompiled user dll's ...
Registered in 0.001050 seconds.
Begin MonoManager ReloadAssembly
Native extension for WindowsStandalone target not found
Refreshing native plugins compatible for Editor in 0.49 ms, found 0 plugins.
Preloading 0 native plugins for Editor in 0.00 ms.
Invoked RoslynAnalysisRunner static constructor.
RoslynAnalysisRunner will not be running.
RoslynAnalysisRunner has terminated.
Mono: successfully reloaded assembly
- Completed reload, in  0.693 seconds
Platform modules already initialized, skipping
Refreshing native plugins compatible for Editor in 0.52 ms, found 0 plugins.
Preloading 0 native plugins for Editor in 0.00 ms.
Unloading 1194 Unused Serialized files (Serialized files now loaded: 0)
System memory in use before: 89.3 MB.
System memory in use after: 89.4 MB.

Unloading 3 unused Assets to reduce memory usage. Loaded Objects now: 1713.
Total: 1.379700 ms (FindLiveObjects: 0.138300 ms CreateObjectMapping: 0.027700 ms MarkObjects: 1.201300 ms  DeleteObjects: 0.011400 ms)

========================================================================
Received Prepare
Registering precompiled user dll's ...
Registered in 0.001059 seconds.
Begin MonoManager ReloadAssembly
Native extension for WindowsStandalone target not found
Refreshing native plugins compatible for Editor in 0.50 ms, found 0 plugins.
Preloading 0 native plugins for Editor in 0.00 ms.
Invoked RoslynAnalysisRunner static constructor.
RoslynAnalysisRunner will not be running.
RoslynAnalysisRunner has terminated.
Mono: successfully reloaded assembly
- Completed reload, in  0.642 seconds
Platform modules already initialized, skipping
Refreshing native plugins compatible for Editor in 0.59 ms, found 0 plugins.
Preloading 0 native plugins for Editor in 0.00 ms.
Unloading 1194 Unused Serialized files (Serialized files now loaded: 0)
System memory in use before: 89.3 MB.
System memory in use after: 89.4 MB.

Unloading 3 unused Assets to reduce memory usage. Loaded Objects now: 1715.
Total: 1.464400 ms (FindLiveObjects: 0.148000 ms CreateObjectMapping: 0.029600 ms MarkObjects: 1.273500 ms  DeleteObjects: 0.012100 ms)

========================================================================
Received Import Request.
  Time since last request: 281.279226 seconds.
  path: Assets/Scripts/UI
  artifactKey: Guid(c38e204720de3a945b50fdbe98bba6de) Importer(815301076,1909f56bfc062723c751e8b465ee728b)
Start importing Assets/Scripts/UI using Guid(c38e204720de3a945b50fdbe98bba6de) Importer(815301076,1909f56bfc062723c751e8b465ee728b)  -> (artifact id: '4ef9f73a0e58dcd578038fb3e4994cd6') in 0.009007 seconds
  Import took 0.011458 seconds .

========================================================================
Received Import Request.
  Time since last request: 4.820908 seconds.
  path: Assets/Scripts/UI/Ingame_UIManager.cs
  artifactKey: Guid(ff85edb97b780b241a15e304248bc158) Importer(815301076,1909f56bfc062723c751e8b465ee728b)
Start importing Assets/Scripts/UI/Ingame_UIManager.cs using Guid(ff85edb97b780b241a15e304248bc158) Importer(815301076,1909f56bfc062723c751e8b465ee728b)  -> (artifact id: '57c325158ca0af80605a8a67c313a764') in 0.012587 seconds
  Import took 0.015065 seconds .

========================================================================
Received Import Request.
  Time since last request: 0.013518 seconds.
  path: Assets/Scripts/UI/Ingame_UIManager.cs
  artifactKey: Guid(ff85edb97b780b241a15e304248bc158) Importer(815301076,1909f56bfc062723c751e8b465ee728b)
Start importing Assets/Scripts/UI/Ingame_UIManager.cs using Guid(ff85edb97b780b241a15e304248bc158) Importer(815301076,1909f56bfc062723c751e8b465ee728b)  -> (artifact id: '57c325158ca0af80605a8a67c313a764') in 0.004128 seconds
  Import took 0.006412 seconds .

========================================================================
Received Prepare
Registering precompiled user dll's ...
Registered in 0.000965 seconds.
Begin MonoManager ReloadAssembly
Native extension for WindowsStandalone target not found
Refreshing native plugins compatible for Editor in 0.47 ms, found 0 plugins.
Preloading 0 native plugins for Editor in 0.00 ms.
Invoked RoslynAnalysisRunner static constructor.
RoslynAnalysisRunner will not be running.
RoslynAnalysisRunner has terminated.
Mono: successfully reloaded assembly
- Completed reload, in  0.651 seconds
Platform modules already initialized, skipping
Refreshing native plugins compatible for Editor in 0.52 ms, found 0 plugins.
Preloading 0 native plugins for Editor in 0.00 ms.
Unloading 1194 Unused Serialized files (Serialized files now loaded: 0)
System memory in use before: 89.3 MB.
System memory in use after: 89.4 MB.

Unloading 3 unused Assets to reduce memory usage. Loaded Objects now: 1717.
Total: 1.689700 ms (FindLiveObjects: 0.175400 ms CreateObjectMapping: 0.027200 ms MarkObjects: 1.472500 ms  DeleteObjects: 0.013200 ms)

========================================================================
Received Prepare
Registering precompiled user dll's ...
Registered in 0.001048 seconds.
Begin MonoManager ReloadAssembly
Native extension for WindowsStandalone target not found
Refreshing native plugins compatible for Editor in 0.50 ms, found 0 plugins.
Preloading 0 native plugins for Editor in 0.00 ms.
Invoked RoslynAnalysisRunner static constructor.
RoslynAnalysisRunner will not be running.
RoslynAnalysisRunner has terminated.
Mono: successfully reloaded assembly
- Completed reload, in  0.689 seconds
Platform modules already initialized, skipping
Refreshing native plugins compatible for Editor in 0.49 ms, found 0 plugins.
Preloading 0 native plugins for Editor in 0.00 ms.
Unloading 1194 Unused Serialized files (Serialized files now loaded: 0)
System memory in use before: 89.3 MB.
System memory in use after: 89.4 MB.

Unloading 3 unused Assets to reduce memory usage. Loaded Objects now: 1719.
Total: 1.435400 ms (FindLiveObjects: 0.139600 ms CreateObjectMapping: 0.028500 ms MarkObjects: 1.253900 ms  DeleteObjects: 0.011600 ms)

========================================================================
Received Prepare
Registering precompiled user dll's ...
Registered in 0.001037 seconds.
Begin MonoManager ReloadAssembly
Native extension for WindowsStandalone target not found
Refreshing native plugins compatible for Editor in 0.54 ms, found 0 plugins.
Preloading 0 native plugins for Editor in 0.00 ms.
Invoked RoslynAnalysisRunner static constructor.
RoslynAnalysisRunner will not be running.
RoslynAnalysisRunner has terminated.
Mono: successfully reloaded assembly
- Completed reload, in  0.694 seconds
Platform modules already initialized, skipping
Refreshing native plugins compatible for Editor in 0.64 ms, found 0 plugins.
Preloading 0 native plugins for Editor in 0.00 ms.
Unloading 1194 Unused Serialized files (Serialized files now loaded: 0)
System memory in use before: 89.3 MB.
System memory in use after: 89.4 MB.

Unloading 3 unused Assets to reduce memory usage. Loaded Objects now: 1721.
Total: 1.428800 ms (FindLiveObjects: 0.140200 ms CreateObjectMapping: 0.027200 ms MarkObjects: 1.249300 ms  DeleteObjects: 0.010900 ms)

========================================================================
Received Prepare
Registering precompiled user dll's ...
Registered in 0.000968 seconds.
Begin MonoManager ReloadAssembly
Native extension for WindowsStandalone target not found
Refreshing native plugins compatible for Editor in 0.52 ms, found 0 plugins.
Preloading 0 native plugins for Editor in 0.00 ms.
Invoked RoslynAnalysisRunner static constructor.
RoslynAnalysisRunner will not be running.
RoslynAnalysisRunner has terminated.
Mono: successfully reloaded assembly
- Completed reload, in  0.693 seconds
Platform modules already initialized, skipping
Refreshing native plugins compatible for Editor in 0.52 ms, found 0 plugins.
Preloading 0 native plugins for Editor in 0.00 ms.
Unloading 1194 Unused Serialized files (Serialized files now loaded: 0)
System memory in use before: 89.3 MB.
System memory in use after: 89.4 MB.

Unloading 3 unused Assets to reduce memory usage. Loaded Objects now: 1723.
Total: 1.471500 ms (FindLiveObjects: 0.157500 ms CreateObjectMapping: 0.029200 ms MarkObjects: 1.272200 ms  DeleteObjects: 0.011500 ms)

========================================================================
Received Prepare
Registering precompiled user dll's ...
Registered in 0.001048 seconds.
Begin MonoManager ReloadAssembly
Native extension for WindowsStandalone target not found
Refreshing native plugins compatible for Editor in 0.49 ms, found 0 plugins.
Preloading 0 native plugins for Editor in 0.00 ms.
Invoked RoslynAnalysisRunner static constructor.
RoslynAnalysisRunner will not be running.
RoslynAnalysisRunner has terminated.
Mono: successfully reloaded assembly
- Completed reload, in  0.683 seconds
Platform modules already initialized, skipping
Refreshing native plugins compatible for Editor in 0.51 ms, found 0 plugins.
Preloading 0 native plugins for Editor in 0.00 ms.
Unloading 1194 Unused Serialized files (Serialized files now loaded: 0)
System memory in use before: 89.4 MB.
System memory in use after: 89.5 MB.

Unloading 3 unused Assets to reduce memory usage. Loaded Objects now: 1725.
Total: 1.418400 ms (FindLiveObjects: 0.148300 ms CreateObjectMapping: 0.027100 ms MarkObjects: 1.230600 ms  DeleteObjects: 0.010900 ms)

========================================================================
Received Prepare
Registering precompiled user dll's ...
Registered in 0.001065 seconds.
Begin MonoManager ReloadAssembly
Native extension for WindowsStandalone target not found
Refreshing native plugins compatible for Editor in 0.51 ms, found 0 plugins.
Preloading 0 native plugins for Editor in 0.00 ms.
Invoked RoslynAnalysisRunner static constructor.
RoslynAnalysisRunner will not be running.
RoslynAnalysisRunner has terminated.
Mono: successfully reloaded assembly
- Completed reload, in  0.698 seconds
Platform modules already initialized, skipping
Refreshing native plugins compatible for Editor in 0.50 ms, found 0 plugins.
Preloading 0 native plugins for Editor in 0.00 ms.
Unloading 1194 Unused Serialized files (Serialized files now loaded: 0)
System memory in use before: 89.4 MB.
System memory in use after: 89.5 MB.

Unloading 3 unused Assets to reduce memory usage. Loaded Objects now: 1727.
Total: 1.455200 ms (FindLiveObjects: 0.141500 ms CreateObjectMapping: 0.028100 ms MarkObjects: 1.273600 ms  DeleteObjects: 0.010900 ms)

========================================================================
Received Prepare
Registering precompiled user dll's ...
Registered in 0.001203 seconds.
Begin MonoManager ReloadAssembly
Native extension for WindowsStandalone target not found
Refreshing native plugins compatible for Editor in 0.51 ms, found 0 plugins.
Preloading 0 native plugins for Editor in 0.00 ms.
Invoked RoslynAnalysisRunner static constructor.
RoslynAnalysisRunner will not be running.
RoslynAnalysisRunner has terminated.
Mono: successfully reloaded assembly
- Completed reload, in  0.705 seconds
Platform modules already initialized, skipping
Refreshing native plugins compatible for Editor in 0.48 ms, found 0 plugins.
Preloading 0 native plugins for Editor in 0.00 ms.
Unloading 1194 Unused Serialized files (Serialized files now loaded: 0)
System memory in use before: 89.4 MB.
System memory in use after: 89.5 MB.

Unloading 3 unused Assets to reduce memory usage. Loaded Objects now: 1729.
Total: 1.426300 ms (FindLiveObjects: 0.170200 ms CreateObjectMapping: 0.030100 ms MarkObjects: 1.214900 ms  DeleteObjects: 0.010100 ms)

========================================================================
Received Prepare
Registering precompiled user dll's ...
Registered in 0.000890 seconds.
Begin MonoManager ReloadAssembly
Native extension for WindowsStandalone target not found
Refreshing native plugins compatible for Editor in 0.49 ms, found 0 plugins.
Preloading 0 native plugins for Editor in 0.00 ms.
Invoked RoslynAnalysisRunner static constructor.
RoslynAnalysisRunner will not be running.
RoslynAnalysisRunner has terminated.
Mono: successfully reloaded assembly
- Completed reload, in  0.667 seconds
Platform modules already initialized, skipping
Refreshing native plugins compatible for Editor in 0.51 ms, found 0 plugins.
Preloading 0 native plugins for Editor in 0.00 ms.
Unloading 1194 Unused Serialized files (Serialized files now loaded: 0)
System memory in use before: 89.4 MB.
System memory in use after: 89.5 MB.

Unloading 3 unused Assets to reduce memory usage. Loaded Objects now: 1731.
Total: 1.561800 ms (FindLiveObjects: 0.176600 ms CreateObjectMapping: 0.028700 ms MarkObjects: 1.341700 ms  DeleteObjects: 0.013600 ms)

========================================================================
Received Prepare
Registering precompiled user dll's ...
Registered in 0.000995 seconds.
Begin MonoManager ReloadAssembly
Native extension for WindowsStandalone target not found
Refreshing native plugins compatible for Editor in 0.49 ms, found 0 plugins.
Preloading 0 native plugins for Editor in 0.00 ms.
Invoked RoslynAnalysisRunner static constructor.
RoslynAnalysisRunner will not be running.
RoslynAnalysisRunner has terminated.
Mono: successfully reloaded assembly
- Completed reload, in  0.699 seconds
Platform modules already initialized, skipping
Refreshing native plugins compatible for Editor in 0.51 ms, found 0 plugins.
Preloading 0 native plugins for Editor in 0.00 ms.
Unloading 1194 Unused Serialized files (Serialized files now loaded: 0)
System memory in use before: 89.5 MB.
System memory in use after: 89.6 MB.

Unloading 3 unused Assets to reduce memory usage. Loaded Objects now: 1733.
Total: 1.420600 ms (FindLiveObjects: 0.146900 ms CreateObjectMapping: 0.028200 ms MarkObjects: 1.233000 ms  DeleteObjects: 0.011300 ms)

========================================================================
Received Prepare
Registering precompiled user dll's ...
Registered in 0.001391 seconds.
Begin MonoManager ReloadAssembly
Native extension for WindowsStandalone target not found
Refreshing native plugins compatible for Editor in 0.48 ms, found 0 plugins.
Preloading 0 native plugins for Editor in 0.00 ms.
Invoked RoslynAnalysisRunner static constructor.
RoslynAnalysisRunner will not be running.
RoslynAnalysisRunner has terminated.
Mono: successfully reloaded assembly
- Completed reload, in  0.650 seconds
Platform modules already initialized, skipping
Refreshing native plugins compatible for Editor in 0.49 ms, found 0 plugins.
Preloading 0 native plugins for Editor in 0.00 ms.
Unloading 1194 Unused Serialized files (Serialized files now loaded: 0)
System memory in use before: 89.5 MB.
System memory in use after: 89.6 MB.

Unloading 3 unused Assets to reduce memory usage. Loaded Objects now: 1735.
Total: 1.530300 ms (FindLiveObjects: 0.184500 ms CreateObjectMapping: 0.029800 ms MarkObjects: 1.304200 ms  DeleteObjects: 0.010700 ms)

========================================================================
Received Prepare
Registering precompiled user dll's ...
Registered in 0.001018 seconds.
Begin MonoManager ReloadAssembly
Native extension for WindowsStandalone target not found
Refreshing native plugins compatible for Editor in 0.54 ms, found 0 plugins.
Preloading 0 native plugins for Editor in 0.00 ms.
Invoked RoslynAnalysisRunner static constructor.
RoslynAnalysisRunner will not be running.
RoslynAnalysisRunner has terminated.
Mono: successfully reloaded assembly
- Completed reload, in  0.701 seconds
Platform modules already initialized, skipping
Refreshing native plugins compatible for Editor in 0.49 ms, found 0 plugins.
Preloading 0 native plugins for Editor in 0.00 ms.
Unloading 1194 Unused Serialized files (Serialized files now loaded: 0)
System memory in use before: 89.5 MB.
System memory in use after: 89.6 MB.

Unloading 3 unused Assets to reduce memory usage. Loaded Objects now: 1737.
Total: 1.567200 ms (FindLiveObjects: 0.169200 ms CreateObjectMapping: 0.032200 ms MarkObjects: 1.352000 ms  DeleteObjects: 0.012600 ms)

========================================================================
Received Prepare
Registering precompiled user dll's ...
Registered in 0.001284 seconds.
Begin MonoManager ReloadAssembly
Native extension for WindowsStandalone target not found
Refreshing native plugins compatible for Editor in 0.49 ms, found 0 plugins.
Preloading 0 native plugins for Editor in 0.00 ms.
Invoked RoslynAnalysisRunner static constructor.
RoslynAnalysisRunner will not be running.
RoslynAnalysisRunner has terminated.
Mono: successfully reloaded assembly
- Completed reload, in  0.637 seconds
Platform modules already initialized, skipping
Refreshing native plugins compatible for Editor in 0.51 ms, found 0 plugins.
Preloading 0 native plugins for Editor in 0.00 ms.
Unloading 1194 Unused Serialized files (Serialized files now loaded: 0)
System memory in use before: 89.5 MB.
System memory in use after: 89.6 MB.

Unloading 3 unused Assets to reduce memory usage. Loaded Objects now: 1739.
Total: 1.482900 ms (FindLiveObjects: 0.156300 ms CreateObjectMapping: 0.028300 ms MarkObjects: 1.285600 ms  DeleteObjects: 0.011400 ms)

AssetImportWorkerClient::OnTransportError - code=2 error=End of file
