Using pre-set license
Built from '2020.2/release' branch; Version is '2020.2.2f1 (068178b99f32) revision 426360'; Using compiler version '192528614'; Build Type 'Release'
OS: 'Windows 10 Pro; OS build 18363.1379; Version 1909; 64bit' Language: 'ko' Physical Memory: 16302 MB
BatchMode: 1, IsHumanControllingUs: 0, StartBugReporterOnCrash: 0, Is64bit: 1, IsPro: 0

 COMMAND LINE ARGUMENTS:
C:\Program Files\Unity\Hub\Editor\2020.2.2f1\Editor\Unity.exe
-adb2
-batchMode
-noUpm
-name
AssetImportWorker0
-projectPath
C:/Users/Seongjae Yoon/Desktop/MonsterHunterSoldier/Kronos2/Kronos
-logFile
Logs/AssetImportWorker0.log
-srvPort
52712
Successfully changed project path to: C:/Users/Seongjae Yoon/Desktop/MonsterHunterSoldier/Kronos2/Kronos
C:/Users/Seongjae Yoon/Desktop/MonsterHunterSoldier/Kronos2/Kronos
Using Asset Import Pipeline V2.
Refreshing native plugins compatible for Editor in 75.06 ms, found 0 plugins.
Preloading 0 native plugins for Editor in 0.00 ms.
Initialize engine version: 2020.2.2f1 (068178b99f32)
[Subsystems] Discovering subsystems at path C:/Program Files/Unity/Hub/Editor/2020.2.2f1/Editor/Data/Resources/UnitySubsystems
[Subsystems] Discovering subsystems at path C:/Users/Seongjae Yoon/Desktop/MonsterHunterSoldier/Kronos2/Kronos/Assets
GfxDevice: creating device client; threaded=0
Direct3D:
    Version:  Direct3D 11.0 [level 11.1]
    Renderer: NVIDIA GeForce RTX 2080 Ti (ID=0x1e07)
    Vendor:   
    VRAM:     11048 MB
    Driver:   27.21.14.5671
Initialize mono
Mono path[0] = 'C:/Program Files/Unity/Hub/Editor/2020.2.2f1/Editor/Data/Managed'
Mono path[1] = 'C:/Program Files/Unity/Hub/Editor/2020.2.2f1/Editor/Data/MonoBleedingEdge/lib/mono/unityjit'
Mono config path = 'C:/Program Files/Unity/Hub/Editor/2020.2.2f1/Editor/Data/MonoBleedingEdge/etc'
Using monoOptions --debugger-agent=transport=dt_socket,embedding=1,server=y,suspend=n,address=127.0.0.1:56348
Begin MonoManager ReloadAssembly
Registering precompiled unity dll's ...
Register platform support module: C:/Program Files/Unity/Hub/Editor/2020.2.2f1/Editor/Data/PlaybackEngines/WindowsStandaloneSupport/UnityEditor.WindowsStandalone.Extensions.dll
Registered in 0.002039 seconds.
Native extension for WindowsStandalone target not found
Refreshing native plugins compatible for Editor in 36.66 ms, found 0 plugins.
Preloading 0 native plugins for Editor in 0.00 ms.
Invoked RoslynAnalysisRunner static constructor.
RoslynAnalysisRunner will not be running.
RoslynAnalysisRunner has terminated.
Mono: successfully reloaded assembly
- Completed reload, in  0.833 seconds
Platform modules already initialized, skipping
Registering precompiled user dll's ...
Registered in 0.000798 seconds.
Begin MonoManager ReloadAssembly
Native extension for WindowsStandalone target not found
Refreshing native plugins compatible for Editor in 0.40 ms, found 0 plugins.
Preloading 0 native plugins for Editor in 0.00 ms.
Invoked RoslynAnalysisRunner static constructor.
RoslynAnalysisRunner will not be running.
RoslynAnalysisRunner has terminated.
Mono: successfully reloaded assembly
- Completed reload, in  0.873 seconds
Platform modules already initialized, skipping
========================================================================
Worker process is ready to serve import requests
Launched and connected shader compiler UnityShaderCompiler.exe after 0.05 seconds
Refreshing native plugins compatible for Editor in 0.40 ms, found 0 plugins.
Preloading 0 native plugins for Editor in 0.00 ms.
Unloading 1232 Unused Serialized files (Serialized files now loaded: 0)
System memory in use before: 73.6 MB.
System memory in use after: 73.7 MB.

Unloading 8 unused Assets to reduce memory usage. Loaded Objects now: 1685.
Total: 1.424300 ms (FindLiveObjects: 0.120600 ms CreateObjectMapping: 0.038300 ms MarkObjects: 1.209800 ms  DeleteObjects: 0.055000 ms)

========================================================================
Received Import Request.
  path: Assets/abilities.csv
  artifactKey: Guid(0975970e7ab6e7b46a106acf4ab75afc) Importer(815301076,1909f56bfc062723c751e8b465ee728b)
Start importing Assets/abilities.csv using Guid(0975970e7ab6e7b46a106acf4ab75afc) Importer(815301076,1909f56bfc062723c751e8b465ee728b)  -> (artifact id: '40fb81ae0621ef8e047e3513b4ab02e5') in 0.038085 seconds
  Import took 0.040192 seconds .

========================================================================
Received Prepare
Registering precompiled user dll's ...
Registered in 0.011387 seconds.
Begin MonoManager ReloadAssembly
Native extension for WindowsStandalone target not found
Refreshing native plugins compatible for Editor in 0.42 ms, found 0 plugins.
Preloading 0 native plugins for Editor in 0.00 ms.
Invoked RoslynAnalysisRunner static constructor.
RoslynAnalysisRunner will not be running.
RoslynAnalysisRunner has terminated.
Mono: successfully reloaded assembly
- Completed reload, in  0.633 seconds
Platform modules already initialized, skipping
Refreshing native plugins compatible for Editor in 0.42 ms, found 0 plugins.
Preloading 0 native plugins for Editor in 0.00 ms.
Unloading 1197 Unused Serialized files (Serialized files now loaded: 0)
System memory in use before: 72.2 MB.
System memory in use after: 72.3 MB.

Unloading 3 unused Assets to reduce memory usage. Loaded Objects now: 1687.
Total: 1.575000 ms (FindLiveObjects: 0.136000 ms CreateObjectMapping: 0.036300 ms MarkObjects: 1.390200 ms  DeleteObjects: 0.011600 ms)

========================================================================
Received Prepare
Registering precompiled user dll's ...
Registered in 0.000916 seconds.
Begin MonoManager ReloadAssembly
Native extension for WindowsStandalone target not found
Refreshing native plugins compatible for Editor in 0.39 ms, found 0 plugins.
Preloading 0 native plugins for Editor in 0.00 ms.
Invoked RoslynAnalysisRunner static constructor.
RoslynAnalysisRunner will not be running.
RoslynAnalysisRunner has terminated.
Mono: successfully reloaded assembly
- Completed reload, in  0.632 seconds
Platform modules already initialized, skipping
Refreshing native plugins compatible for Editor in 0.38 ms, found 0 plugins.
Preloading 0 native plugins for Editor in 0.00 ms.
Unloading 1197 Unused Serialized files (Serialized files now loaded: 0)
System memory in use before: 72.2 MB.
System memory in use after: 72.3 MB.

Unloading 3 unused Assets to reduce memory usage. Loaded Objects now: 1689.
Total: 1.381700 ms (FindLiveObjects: 0.191500 ms CreateObjectMapping: 0.035700 ms MarkObjects: 1.142500 ms  DeleteObjects: 0.011200 ms)

========================================================================
Received Prepare
Registering precompiled user dll's ...
Registered in 0.012920 seconds.
Begin MonoManager ReloadAssembly
Native extension for WindowsStandalone target not found
Refreshing native plugins compatible for Editor in 0.39 ms, found 0 plugins.
Preloading 0 native plugins for Editor in 0.00 ms.
Invoked RoslynAnalysisRunner static constructor.
RoslynAnalysisRunner will not be running.
RoslynAnalysisRunner has terminated.
Mono: successfully reloaded assembly
- Completed reload, in  0.610 seconds
Platform modules already initialized, skipping
Refreshing native plugins compatible for Editor in 0.44 ms, found 0 plugins.
Preloading 0 native plugins for Editor in 0.00 ms.
Unloading 1197 Unused Serialized files (Serialized files now loaded: 0)
System memory in use before: 72.2 MB.
System memory in use after: 72.3 MB.

Unloading 3 unused Assets to reduce memory usage. Loaded Objects now: 1691.
Total: 1.412600 ms (FindLiveObjects: 0.118100 ms CreateObjectMapping: 0.032800 ms MarkObjects: 1.249100 ms  DeleteObjects: 0.011500 ms)

========================================================================
Received Prepare
Registering precompiled user dll's ...
Registered in 0.000859 seconds.
Begin MonoManager ReloadAssembly
Native extension for WindowsStandalone target not found
Refreshing native plugins compatible for Editor in 0.37 ms, found 0 plugins.
Preloading 0 native plugins for Editor in 0.00 ms.
Invoked RoslynAnalysisRunner static constructor.
RoslynAnalysisRunner will not be running.
RoslynAnalysisRunner has terminated.
Mono: successfully reloaded assembly
- Completed reload, in  0.611 seconds
Platform modules already initialized, skipping
Refreshing native plugins compatible for Editor in 0.40 ms, found 0 plugins.
Preloading 0 native plugins for Editor in 0.00 ms.
Unloading 1197 Unused Serialized files (Serialized files now loaded: 0)
System memory in use before: 72.2 MB.
System memory in use after: 72.3 MB.

Unloading 3 unused Assets to reduce memory usage. Loaded Objects now: 1693.
Total: 1.355800 ms (FindLiveObjects: 0.127000 ms CreateObjectMapping: 0.033200 ms MarkObjects: 1.184100 ms  DeleteObjects: 0.010700 ms)

========================================================================
Received Prepare
Registering precompiled user dll's ...
Registered in 0.000902 seconds.
Begin MonoManager ReloadAssembly
Native extension for WindowsStandalone target not found
Refreshing native plugins compatible for Editor in 0.41 ms, found 0 plugins.
Preloading 0 native plugins for Editor in 0.00 ms.
Invoked RoslynAnalysisRunner static constructor.
RoslynAnalysisRunner will not be running.
RoslynAnalysisRunner has terminated.
Mono: successfully reloaded assembly
- Completed reload, in  0.618 seconds
Platform modules already initialized, skipping
Refreshing native plugins compatible for Editor in 1.07 ms, found 0 plugins.
Preloading 0 native plugins for Editor in 0.00 ms.
Unloading 1197 Unused Serialized files (Serialized files now loaded: 0)
System memory in use before: 72.2 MB.
System memory in use after: 72.3 MB.

Unloading 3 unused Assets to reduce memory usage. Loaded Objects now: 1695.
Total: 1.407400 ms (FindLiveObjects: 0.121200 ms CreateObjectMapping: 0.036700 ms MarkObjects: 1.235400 ms  DeleteObjects: 0.013100 ms)

========================================================================
Received Prepare
Registering precompiled user dll's ...
Registered in 0.000827 seconds.
Begin MonoManager ReloadAssembly
Native extension for WindowsStandalone target not found
Refreshing native plugins compatible for Editor in 0.37 ms, found 0 plugins.
Preloading 0 native plugins for Editor in 0.00 ms.
Invoked RoslynAnalysisRunner static constructor.
RoslynAnalysisRunner will not be running.
RoslynAnalysisRunner has terminated.
Mono: successfully reloaded assembly
- Completed reload, in  0.593 seconds
Platform modules already initialized, skipping
Refreshing native plugins compatible for Editor in 0.43 ms, found 0 plugins.
Preloading 0 native plugins for Editor in 0.00 ms.
Unloading 1197 Unused Serialized files (Serialized files now loaded: 0)
System memory in use before: 72.2 MB.
System memory in use after: 72.3 MB.

Unloading 3 unused Assets to reduce memory usage. Loaded Objects now: 1697.
Total: 2.574700 ms (FindLiveObjects: 0.150500 ms CreateObjectMapping: 0.040500 ms MarkObjects: 2.362600 ms  DeleteObjects: 0.019700 ms)

========================================================================
Received Prepare
Registering precompiled user dll's ...
Registered in 0.000903 seconds.
Begin MonoManager ReloadAssembly
Native extension for WindowsStandalone target not found
Refreshing native plugins compatible for Editor in 0.37 ms, found 0 plugins.
Preloading 0 native plugins for Editor in 0.00 ms.
Invoked RoslynAnalysisRunner static constructor.
RoslynAnalysisRunner will not be running.
RoslynAnalysisRunner has terminated.
Mono: successfully reloaded assembly
- Completed reload, in  1.145 seconds
Platform modules already initialized, skipping
Refreshing native plugins compatible for Editor in 0.39 ms, found 0 plugins.
Preloading 0 native plugins for Editor in 0.00 ms.
Unloading 1197 Unused Serialized files (Serialized files now loaded: 0)
System memory in use before: 72.2 MB.
System memory in use after: 72.3 MB.

Unloading 3 unused Assets to reduce memory usage. Loaded Objects now: 1699.
Total: 1.299600 ms (FindLiveObjects: 0.111700 ms CreateObjectMapping: 0.029300 ms MarkObjects: 1.147600 ms  DeleteObjects: 0.010200 ms)

========================================================================
Received Prepare
Registering precompiled user dll's ...
Registered in 0.001067 seconds.
Begin MonoManager ReloadAssembly
Native extension for WindowsStandalone target not found
Refreshing native plugins compatible for Editor in 0.41 ms, found 0 plugins.
Preloading 0 native plugins for Editor in 0.00 ms.
Invoked RoslynAnalysisRunner static constructor.
RoslynAnalysisRunner will not be running.
RoslynAnalysisRunner has terminated.
Mono: successfully reloaded assembly
- Completed reload, in  0.710 seconds
Platform modules already initialized, skipping
Refreshing native plugins compatible for Editor in 0.40 ms, found 0 plugins.
Preloading 0 native plugins for Editor in 0.00 ms.
Unloading 1197 Unused Serialized files (Serialized files now loaded: 0)
System memory in use before: 72.2 MB.
System memory in use after: 72.3 MB.

Unloading 3 unused Assets to reduce memory usage. Loaded Objects now: 1701.
Total: 1.868200 ms (FindLiveObjects: 0.222100 ms CreateObjectMapping: 0.096000 ms MarkObjects: 1.517100 ms  DeleteObjects: 0.030900 ms)

========================================================================
Received Import Request.
  Time since last request: 571.096779 seconds.
  path: Assets/Resources
  artifactKey: Guid(4a71bd7f4d7b6fe42ab3fdc1b6f806e2) Importer(815301076,1909f56bfc062723c751e8b465ee728b)
Start importing Assets/Resources using Guid(4a71bd7f4d7b6fe42ab3fdc1b6f806e2) Importer(815301076,1909f56bfc062723c751e8b465ee728b)  -> (artifact id: 'ef0121d83aba7e0a4fb2d50107306179') in 0.010329 seconds
  Import took 0.013015 seconds .

========================================================================
Received Prepare
Registering precompiled user dll's ...
Registered in 0.000848 seconds.
Begin MonoManager ReloadAssembly
Native extension for WindowsStandalone target not found
Refreshing native plugins compatible for Editor in 0.39 ms, found 0 plugins.
Preloading 0 native plugins for Editor in 0.00 ms.
Invoked RoslynAnalysisRunner static constructor.
RoslynAnalysisRunner will not be running.
RoslynAnalysisRunner has terminated.
Mono: successfully reloaded assembly
- Completed reload, in  0.614 seconds
Platform modules already initialized, skipping
Refreshing native plugins compatible for Editor in 0.37 ms, found 0 plugins.
Preloading 0 native plugins for Editor in 0.00 ms.
Unloading 1197 Unused Serialized files (Serialized files now loaded: 0)
System memory in use before: 72.3 MB.
System memory in use after: 72.4 MB.

Unloading 3 unused Assets to reduce memory usage. Loaded Objects now: 1703.
Total: 1.294100 ms (FindLiveObjects: 0.189600 ms CreateObjectMapping: 0.032900 ms MarkObjects: 1.061500 ms  DeleteObjects: 0.009500 ms)

========================================================================
Received Prepare
Registering precompiled user dll's ...
Registered in 0.000956 seconds.
Begin MonoManager ReloadAssembly
Native extension for WindowsStandalone target not found
Refreshing native plugins compatible for Editor in 0.43 ms, found 0 plugins.
Preloading 0 native plugins for Editor in 0.00 ms.
Invoked RoslynAnalysisRunner static constructor.
RoslynAnalysisRunner will not be running.
RoslynAnalysisRunner has terminated.
Mono: successfully reloaded assembly
- Completed reload, in  0.644 seconds
Platform modules already initialized, skipping
Refreshing native plugins compatible for Editor in 0.38 ms, found 0 plugins.
Preloading 0 native plugins for Editor in 0.00 ms.
Unloading 1197 Unused Serialized files (Serialized files now loaded: 0)
System memory in use before: 72.3 MB.
System memory in use after: 72.4 MB.

Unloading 3 unused Assets to reduce memory usage. Loaded Objects now: 1705.
Total: 1.932800 ms (FindLiveObjects: 0.176500 ms CreateObjectMapping: 0.049200 ms MarkObjects: 1.694100 ms  DeleteObjects: 0.012000 ms)

========================================================================
Received Prepare
Registering precompiled user dll's ...
Registered in 0.000929 seconds.
Begin MonoManager ReloadAssembly
Native extension for WindowsStandalone target not found
Refreshing native plugins compatible for Editor in 0.38 ms, found 0 plugins.
Preloading 0 native plugins for Editor in 0.00 ms.
Invoked RoslynAnalysisRunner static constructor.
RoslynAnalysisRunner will not be running.
RoslynAnalysisRunner has terminated.
Mono: successfully reloaded assembly
- Completed reload, in  0.612 seconds
Platform modules already initialized, skipping
Refreshing native plugins compatible for Editor in 0.40 ms, found 0 plugins.
Preloading 0 native plugins for Editor in 0.00 ms.
Unloading 1197 Unused Serialized files (Serialized files now loaded: 0)
System memory in use before: 72.3 MB.
System memory in use after: 72.4 MB.

Unloading 3 unused Assets to reduce memory usage. Loaded Objects now: 1707.
Total: 1.391200 ms (FindLiveObjects: 0.108400 ms CreateObjectMapping: 0.029300 ms MarkObjects: 1.243700 ms  DeleteObjects: 0.009100 ms)

========================================================================
Received Prepare
Registering precompiled user dll's ...
Registered in 0.002853 seconds.
Begin MonoManager ReloadAssembly
Native extension for WindowsStandalone target not found
Refreshing native plugins compatible for Editor in 0.40 ms, found 0 plugins.
Preloading 0 native plugins for Editor in 0.00 ms.
Invoked RoslynAnalysisRunner static constructor.
RoslynAnalysisRunner will not be running.
RoslynAnalysisRunner has terminated.
Mono: successfully reloaded assembly
- Completed reload, in  0.596 seconds
Platform modules already initialized, skipping
Refreshing native plugins compatible for Editor in 0.37 ms, found 0 plugins.
Preloading 0 native plugins for Editor in 0.00 ms.
Unloading 1197 Unused Serialized files (Serialized files now loaded: 0)
System memory in use before: 72.3 MB.
System memory in use after: 72.4 MB.

Unloading 3 unused Assets to reduce memory usage. Loaded Objects now: 1709.
Total: 1.307600 ms (FindLiveObjects: 0.118200 ms CreateObjectMapping: 0.030900 ms MarkObjects: 1.148300 ms  DeleteObjects: 0.009500 ms)

========================================================================
Received Prepare
Registering precompiled user dll's ...
Registered in 0.010294 seconds.
Begin MonoManager ReloadAssembly
Native extension for WindowsStandalone target not found
Refreshing native plugins compatible for Editor in 0.40 ms, found 0 plugins.
Preloading 0 native plugins for Editor in 0.00 ms.
Invoked RoslynAnalysisRunner static constructor.
RoslynAnalysisRunner will not be running.
RoslynAnalysisRunner has terminated.
Mono: successfully reloaded assembly
- Completed reload, in  0.632 seconds
Platform modules already initialized, skipping
Refreshing native plugins compatible for Editor in 0.42 ms, found 0 plugins.
Preloading 0 native plugins for Editor in 0.00 ms.
Unloading 1197 Unused Serialized files (Serialized files now loaded: 0)
System memory in use before: 72.3 MB.
System memory in use after: 72.4 MB.

Unloading 3 unused Assets to reduce memory usage. Loaded Objects now: 1711.
Total: 1.377100 ms (FindLiveObjects: 0.141400 ms CreateObjectMapping: 0.033800 ms MarkObjects: 1.191400 ms  DeleteObjects: 0.009600 ms)

========================================================================
Received Prepare
Registering precompiled user dll's ...
Registered in 0.000955 seconds.
Begin MonoManager ReloadAssembly
Native extension for WindowsStandalone target not found
Refreshing native plugins compatible for Editor in 0.42 ms, found 0 plugins.
Preloading 0 native plugins for Editor in 0.00 ms.
Invoked RoslynAnalysisRunner static constructor.
RoslynAnalysisRunner will not be running.
RoslynAnalysisRunner has terminated.
Mono: successfully reloaded assembly
- Completed reload, in  0.606 seconds
Platform modules already initialized, skipping
Refreshing native plugins compatible for Editor in 0.38 ms, found 0 plugins.
Preloading 0 native plugins for Editor in 0.00 ms.
Unloading 1197 Unused Serialized files (Serialized files now loaded: 0)
System memory in use before: 72.3 MB.
System memory in use after: 72.4 MB.

Unloading 3 unused Assets to reduce memory usage. Loaded Objects now: 1713.
Total: 1.493000 ms (FindLiveObjects: 0.128000 ms CreateObjectMapping: 0.039900 ms MarkObjects: 1.313000 ms  DeleteObjects: 0.010900 ms)

========================================================================
Received Import Request.
  Time since last request: 482.743779 seconds.
  path: Assets/Resources/abilities.csv
  artifactKey: Guid(0975970e7ab6e7b46a106acf4ab75afc) Importer(815301076,1909f56bfc062723c751e8b465ee728b)
Start importing Assets/Resources/abilities.csv using Guid(0975970e7ab6e7b46a106acf4ab75afc) Importer(815301076,1909f56bfc062723c751e8b465ee728b)  -> (artifact id: '7f4d46f3ff338eea49c266b027bad0bd') in 0.013274 seconds
  Import took 0.015356 seconds .

========================================================================
Received Import Request.
  Time since last request: 0.011311 seconds.
  path: Assets/Resources/abilities.csv
  artifactKey: Guid(0975970e7ab6e7b46a106acf4ab75afc) Importer(815301076,1909f56bfc062723c751e8b465ee728b)
Start importing Assets/Resources/abilities.csv using Guid(0975970e7ab6e7b46a106acf4ab75afc) Importer(815301076,1909f56bfc062723c751e8b465ee728b)  -> (artifact id: '7f4d46f3ff338eea49c266b027bad0bd') in 0.003028 seconds
  Import took 0.004848 seconds .

========================================================================
Received Prepare
Registering precompiled user dll's ...
Registered in 0.000754 seconds.
Begin MonoManager ReloadAssembly
Native extension for WindowsStandalone target not found
Refreshing native plugins compatible for Editor in 0.41 ms, found 0 plugins.
Preloading 0 native plugins for Editor in 0.00 ms.
Invoked RoslynAnalysisRunner static constructor.
RoslynAnalysisRunner will not be running.
RoslynAnalysisRunner has terminated.
Mono: successfully reloaded assembly
- Completed reload, in  0.930 seconds
Platform modules already initialized, skipping
Refreshing native plugins compatible for Editor in 0.41 ms, found 0 plugins.
Preloading 0 native plugins for Editor in 0.00 ms.
Unloading 1201 Unused Serialized files (Serialized files now loaded: 0)
System memory in use before: 72.4 MB.
System memory in use after: 72.5 MB.

Unloading 3 unused Assets to reduce memory usage. Loaded Objects now: 1719.
Total: 1.287000 ms (FindLiveObjects: 0.123100 ms CreateObjectMapping: 0.034100 ms MarkObjects: 1.117400 ms  DeleteObjects: 0.011200 ms)

========================================================================
Received Import Request.
  Time since last request: 363.101029 seconds.
  path: Assets/hello.txt
  artifactKey: Guid(19f828b21311e6140987fac3e5e07aab) Importer(815301076,1909f56bfc062723c751e8b465ee728b)
Start importing Assets/hello.txt using Guid(19f828b21311e6140987fac3e5e07aab) Importer(815301076,1909f56bfc062723c751e8b465ee728b)  -> (artifact id: 'd0482d123234e5be11fe41ea3cb5a7af') in 0.025337 seconds
  Import took 0.027492 seconds .

========================================================================
Received Import Request.
  Time since last request: 0.735980 seconds.
  path: Assets/00 Scenes
  artifactKey: Guid(a7d9ac9d0315f2742a55275151a42bf3) Importer(815301076,1909f56bfc062723c751e8b465ee728b)
Start importing Assets/00 Scenes using Guid(a7d9ac9d0315f2742a55275151a42bf3) Importer(815301076,1909f56bfc062723c751e8b465ee728b)  -> (artifact id: '18df41d323825a48d0b54e354f1b2dd6') in 0.017780 seconds
  Import took 0.019927 seconds .

========================================================================
Received Import Request.
  Time since last request: 2.993281 seconds.
  path: Assets/Scenes
  artifactKey: Guid(9b594af61fbd7544ab65a20cce1e3ed9) Importer(815301076,1909f56bfc062723c751e8b465ee728b)
Start importing Assets/Scenes using Guid(9b594af61fbd7544ab65a20cce1e3ed9) Importer(815301076,1909f56bfc062723c751e8b465ee728b)  -> (artifact id: 'b5f2ca510c88ef93b7752588152996f4') in 0.007390 seconds
  Import took 0.009565 seconds .

========================================================================
Received Import Request.
  Time since last request: 7.736454 seconds.
  path: Assets/Scripts
  artifactKey: Guid(84b3b62e054ab5540a7c72e98fa949d0) Importer(815301076,1909f56bfc062723c751e8b465ee728b)
Start importing Assets/Scripts using Guid(84b3b62e054ab5540a7c72e98fa949d0) Importer(815301076,1909f56bfc062723c751e8b465ee728b)  -> (artifact id: '7f16835c2918a627388aae9f2fdb9a28') in 0.027521 seconds
  Import took 0.033076 seconds .

========================================================================
Received Import Request.
  Time since last request: 1.573872 seconds.
  path: Assets/Scenes/testCsvWriter.unity
  artifactKey: Guid(bff1ab2a73e246c4d91caa1a72b17095) Importer(815301076,1909f56bfc062723c751e8b465ee728b)
Start importing Assets/Scenes/testCsvWriter.unity using Guid(bff1ab2a73e246c4d91caa1a72b17095) Importer(815301076,1909f56bfc062723c751e8b465ee728b)  -> (artifact id: '3d3c1cb4db46e16c5ff8f31cd09db213') in 0.030723 seconds
  Import took 0.034581 seconds .

========================================================================
Received Import Request.
  Time since last request: 2.984158 seconds.
  path: Assets/Scenes/testCsvWriterSettings.lighting
  artifactKey: Guid(6f8b9f10978b98f4eba895cc6e5d698a) Importer(815301076,1909f56bfc062723c751e8b465ee728b)
Start importing Assets/Scenes/testCsvWriterSettings.lighting using Guid(6f8b9f10978b98f4eba895cc6e5d698a) Importer(815301076,1909f56bfc062723c751e8b465ee728b) LightingSettings: switching bake backend from 1 to 0.
 -> (artifact id: '2c159c01515d519eea8967e7d43f970d') in 0.012425 seconds
  Import took 0.014540 seconds .

========================================================================
Received Import Request.
  Time since last request: 0.012184 seconds.
  path: Assets/Scenes/testCsvWriterSettings.lighting
  artifactKey: Guid(6f8b9f10978b98f4eba895cc6e5d698a) Importer(815301076,1909f56bfc062723c751e8b465ee728b)
Start importing Assets/Scenes/testCsvWriterSettings.lighting using Guid(6f8b9f10978b98f4eba895cc6e5d698a) Importer(815301076,1909f56bfc062723c751e8b465ee728b) LightingSettings: switching bake backend from 1 to 0.
 -> (artifact id: '2c159c01515d519eea8967e7d43f970d') in 0.004704 seconds
  Import took 0.006852 seconds .

========================================================================
Received Import Request.
  Time since last request: 17.786393 seconds.
  path: Assets/Scenes
  artifactKey: Guid(a7d9ac9d0315f2742a55275151a42bf3) Importer(815301076,1909f56bfc062723c751e8b465ee728b)
Start importing Assets/Scenes using Guid(a7d9ac9d0315f2742a55275151a42bf3) Importer(815301076,1909f56bfc062723c751e8b465ee728b)  -> (artifact id: 'a5ce6508413e9a121eb05f47694c05cb') in 0.017061 seconds
  Import took 0.020918 seconds .

========================================================================
Received Import Request.
  Time since last request: 20.391293 seconds.
  path: Assets/Scripts/CsvFileCommon.cs
  artifactKey: Guid(ca9a7909f60197c4aa58b25184714b23) Importer(815301076,1909f56bfc062723c751e8b465ee728b)
Start importing Assets/Scripts/CsvFileCommon.cs using Guid(ca9a7909f60197c4aa58b25184714b23) Importer(815301076,1909f56bfc062723c751e8b465ee728b)  -> (artifact id: '2b5e84d5d3a698687b016485806ac041') in 0.013244 seconds
  Import took 0.015321 seconds .

========================================================================
Received Import Request.
  Time since last request: 0.397516 seconds.
  path: Assets/Scripts/CsvFileWriter.cs
  artifactKey: Guid(6edbbbe37d27a344ab4dafcb556a5eca) Importer(815301076,1909f56bfc062723c751e8b465ee728b)
Start importing Assets/Scripts/CsvFileWriter.cs using Guid(6edbbbe37d27a344ab4dafcb556a5eca) Importer(815301076,1909f56bfc062723c751e8b465ee728b)  -> (artifact id: '89c2cd3c3b3d3ba686686be4c02c10ac') in 0.007138 seconds
  Import took 0.009210 seconds .

========================================================================
Received Import Request.
  Time since last request: 0.019538 seconds.
  path: Assets/Scripts/CsvFileWriter.cs
  artifactKey: Guid(6edbbbe37d27a344ab4dafcb556a5eca) Importer(815301076,1909f56bfc062723c751e8b465ee728b)
Start importing Assets/Scripts/CsvFileWriter.cs using Guid(6edbbbe37d27a344ab4dafcb556a5eca) Importer(815301076,1909f56bfc062723c751e8b465ee728b)  -> (artifact id: '89c2cd3c3b3d3ba686686be4c02c10ac') in 0.003612 seconds
  Import took 0.005741 seconds .

========================================================================
Received Prepare
Registering precompiled user dll's ...
Registered in 0.000724 seconds.
Begin MonoManager ReloadAssembly
Native extension for WindowsStandalone target not found
Refreshing native plugins compatible for Editor in 0.38 ms, found 0 plugins.
Preloading 0 native plugins for Editor in 0.00 ms.
Invoked RoslynAnalysisRunner static constructor.
RoslynAnalysisRunner will not be running.
RoslynAnalysisRunner has terminated.
Mono: successfully reloaded assembly
- Completed reload, in  0.625 seconds
Platform modules already initialized, skipping
Refreshing native plugins compatible for Editor in 0.62 ms, found 0 plugins.
Preloading 0 native plugins for Editor in 0.00 ms.
Unloading 1200 Unused Serialized files (Serialized files now loaded: 0)
System memory in use before: 72.4 MB.
System memory in use after: 72.5 MB.

Unloading 4 unused Assets to reduce memory usage. Loaded Objects now: 1720.
Total: 1.489200 ms (FindLiveObjects: 0.128200 ms CreateObjectMapping: 0.034800 ms MarkObjects: 1.312400 ms  DeleteObjects: 0.012700 ms)

========================================================================
Received Prepare
Registering precompiled user dll's ...
Registered in 0.000766 seconds.
Begin MonoManager ReloadAssembly
Native extension for WindowsStandalone target not found
Refreshing native plugins compatible for Editor in 0.38 ms, found 0 plugins.
Preloading 0 native plugins for Editor in 0.00 ms.
Invoked RoslynAnalysisRunner static constructor.
RoslynAnalysisRunner will not be running.
RoslynAnalysisRunner has terminated.
Mono: successfully reloaded assembly
- Completed reload, in  0.666 seconds
Platform modules already initialized, skipping
Refreshing native plugins compatible for Editor in 0.42 ms, found 0 plugins.
Preloading 0 native plugins for Editor in 0.00 ms.
Unloading 1200 Unused Serialized files (Serialized files now loaded: 0)
System memory in use before: 72.4 MB.
System memory in use after: 72.5 MB.

Unloading 3 unused Assets to reduce memory usage. Loaded Objects now: 1722.
Total: 1.460400 ms (FindLiveObjects: 0.137700 ms CreateObjectMapping: 0.035900 ms MarkObjects: 1.276600 ms  DeleteObjects: 0.009300 ms)

========================================================================
Received Prepare
Registering precompiled user dll's ...
Registered in 0.000872 seconds.
Begin MonoManager ReloadAssembly
Native extension for WindowsStandalone target not found
Refreshing native plugins compatible for Editor in 0.43 ms, found 0 plugins.
Preloading 0 native plugins for Editor in 0.00 ms.
Invoked RoslynAnalysisRunner static constructor.
RoslynAnalysisRunner will not be running.
RoslynAnalysisRunner has terminated.
Mono: successfully reloaded assembly
- Completed reload, in  0.580 seconds
Platform modules already initialized, skipping
Refreshing native plugins compatible for Editor in 0.37 ms, found 0 plugins.
Preloading 0 native plugins for Editor in 0.00 ms.
Unloading 1200 Unused Serialized files (Serialized files now loaded: 0)
System memory in use before: 72.4 MB.
System memory in use after: 72.5 MB.

Unloading 3 unused Assets to reduce memory usage. Loaded Objects now: 1724.
Total: 1.238500 ms (FindLiveObjects: 0.117200 ms CreateObjectMapping: 0.032500 ms MarkObjects: 1.079500 ms  DeleteObjects: 0.008600 ms)

========================================================================
Received Prepare
Registering precompiled user dll's ...
Registered in 0.000836 seconds.
Begin MonoManager ReloadAssembly
Native extension for WindowsStandalone target not found
Refreshing native plugins compatible for Editor in 0.43 ms, found 0 plugins.
Preloading 0 native plugins for Editor in 0.00 ms.
Invoked RoslynAnalysisRunner static constructor.
RoslynAnalysisRunner will not be running.
RoslynAnalysisRunner has terminated.
Mono: successfully reloaded assembly
- Completed reload, in  0.581 seconds
Platform modules already initialized, skipping
Refreshing native plugins compatible for Editor in 0.45 ms, found 0 plugins.
Preloading 0 native plugins for Editor in 0.00 ms.
Unloading 1200 Unused Serialized files (Serialized files now loaded: 0)
System memory in use before: 72.4 MB.
System memory in use after: 72.5 MB.

Unloading 3 unused Assets to reduce memory usage. Loaded Objects now: 1726.
Total: 1.599600 ms (FindLiveObjects: 0.141200 ms CreateObjectMapping: 0.042800 ms MarkObjects: 1.402900 ms  DeleteObjects: 0.011800 ms)

========================================================================
Received Prepare
Registering precompiled user dll's ...
Registered in 0.000955 seconds.
Begin MonoManager ReloadAssembly
Native extension for WindowsStandalone target not found
Refreshing native plugins compatible for Editor in 0.47 ms, found 0 plugins.
Preloading 0 native plugins for Editor in 0.00 ms.
Invoked RoslynAnalysisRunner static constructor.
RoslynAnalysisRunner will not be running.
RoslynAnalysisRunner has terminated.
Mono: successfully reloaded assembly
- Completed reload, in  0.676 seconds
Platform modules already initialized, skipping
Refreshing native plugins compatible for Editor in 0.40 ms, found 0 plugins.
Preloading 0 native plugins for Editor in 0.00 ms.
Unloading 1200 Unused Serialized files (Serialized files now loaded: 0)
System memory in use before: 72.5 MB.
System memory in use after: 72.6 MB.

Unloading 3 unused Assets to reduce memory usage. Loaded Objects now: 1728.
Total: 1.816800 ms (FindLiveObjects: 0.140200 ms CreateObjectMapping: 0.046300 ms MarkObjects: 1.619400 ms  DeleteObjects: 0.009700 ms)

========================================================================
Received Prepare
Registering precompiled user dll's ...
Registered in 0.000873 seconds.
Begin MonoManager ReloadAssembly
Native extension for WindowsStandalone target not found
Refreshing native plugins compatible for Editor in 0.38 ms, found 0 plugins.
Preloading 0 native plugins for Editor in 0.00 ms.
Invoked RoslynAnalysisRunner static constructor.
RoslynAnalysisRunner will not be running.
RoslynAnalysisRunner has terminated.
Mono: successfully reloaded assembly
- Completed reload, in  0.585 seconds
Platform modules already initialized, skipping
Refreshing native plugins compatible for Editor in 0.42 ms, found 0 plugins.
Preloading 0 native plugins for Editor in 0.00 ms.
Unloading 1200 Unused Serialized files (Serialized files now loaded: 0)
System memory in use before: 72.5 MB.
System memory in use after: 72.6 MB.

Unloading 3 unused Assets to reduce memory usage. Loaded Objects now: 1730.
Total: 6.634700 ms (FindLiveObjects: 0.167900 ms CreateObjectMapping: 0.053700 ms MarkObjects: 6.388200 ms  DeleteObjects: 0.022800 ms)

========================================================================
Received Prepare
Registering precompiled user dll's ...
Registered in 0.001132 seconds.
Begin MonoManager ReloadAssembly
Native extension for WindowsStandalone target not found
Refreshing native plugins compatible for Editor in 0.40 ms, found 0 plugins.
Preloading 0 native plugins for Editor in 0.00 ms.
Invoked RoslynAnalysisRunner static constructor.
RoslynAnalysisRunner will not be running.
RoslynAnalysisRunner has terminated.
Mono: successfully reloaded assembly
- Completed reload, in  0.663 seconds
Platform modules already initialized, skipping
Refreshing native plugins compatible for Editor in 0.55 ms, found 0 plugins.
Preloading 0 native plugins for Editor in 0.00 ms.
Unloading 1200 Unused Serialized files (Serialized files now loaded: 0)
System memory in use before: 72.5 MB.
System memory in use after: 72.6 MB.

Unloading 3 unused Assets to reduce memory usage. Loaded Objects now: 1732.
Total: 1.318300 ms (FindLiveObjects: 0.137700 ms CreateObjectMapping: 0.037700 ms MarkObjects: 1.129500 ms  DeleteObjects: 0.012400 ms)

========================================================================
Received Prepare
Registering precompiled user dll's ...
Registered in 0.000873 seconds.
Begin MonoManager ReloadAssembly
Native extension for WindowsStandalone target not found
Refreshing native plugins compatible for Editor in 0.41 ms, found 0 plugins.
Preloading 0 native plugins for Editor in 0.00 ms.
Invoked RoslynAnalysisRunner static constructor.
RoslynAnalysisRunner will not be running.
RoslynAnalysisRunner has terminated.
Mono: successfully reloaded assembly
- Completed reload, in  0.720 seconds
Platform modules already initialized, skipping
Refreshing native plugins compatible for Editor in 0.46 ms, found 0 plugins.
Preloading 0 native plugins for Editor in 0.00 ms.
Unloading 1200 Unused Serialized files (Serialized files now loaded: 0)
System memory in use before: 72.5 MB.
System memory in use after: 72.6 MB.

Unloading 3 unused Assets to reduce memory usage. Loaded Objects now: 1734.
Total: 1.646500 ms (FindLiveObjects: 0.180500 ms CreateObjectMapping: 0.042400 ms MarkObjects: 1.410500 ms  DeleteObjects: 0.011500 ms)

========================================================================
Received Prepare
Registering precompiled user dll's ...
Registered in 0.000835 seconds.
Begin MonoManager ReloadAssembly
Native extension for WindowsStandalone target not found
Refreshing native plugins compatible for Editor in 0.40 ms, found 0 plugins.
Preloading 0 native plugins for Editor in 0.00 ms.
Invoked RoslynAnalysisRunner static constructor.
RoslynAnalysisRunner will not be running.
RoslynAnalysisRunner has terminated.
Mono: successfully reloaded assembly
- Completed reload, in  0.618 seconds
Platform modules already initialized, skipping
Refreshing native plugins compatible for Editor in 0.38 ms, found 0 plugins.
Preloading 0 native plugins for Editor in 0.00 ms.
Unloading 1200 Unused Serialized files (Serialized files now loaded: 0)
System memory in use before: 72.5 MB.
System memory in use after: 72.6 MB.

Unloading 3 unused Assets to reduce memory usage. Loaded Objects now: 1736.
Total: 1.242800 ms (FindLiveObjects: 0.113900 ms CreateObjectMapping: 0.035500 ms MarkObjects: 1.083900 ms  DeleteObjects: 0.008600 ms)

========================================================================
Received Prepare
Registering precompiled user dll's ...
Registered in 0.001284 seconds.
Begin MonoManager ReloadAssembly
Native extension for WindowsStandalone target not found
Refreshing native plugins compatible for Editor in 0.41 ms, found 0 plugins.
Preloading 0 native plugins for Editor in 0.00 ms.
Invoked RoslynAnalysisRunner static constructor.
RoslynAnalysisRunner will not be running.
RoslynAnalysisRunner has terminated.
Mono: successfully reloaded assembly
- Completed reload, in  0.640 seconds
Platform modules already initialized, skipping
Refreshing native plugins compatible for Editor in 0.47 ms, found 0 plugins.
Preloading 0 native plugins for Editor in 0.00 ms.
Unloading 1200 Unused Serialized files (Serialized files now loaded: 0)
System memory in use before: 72.5 MB.
System memory in use after: 72.6 MB.

Unloading 3 unused Assets to reduce memory usage. Loaded Objects now: 1738.
Total: 1.361700 ms (FindLiveObjects: 0.138100 ms CreateObjectMapping: 0.036900 ms MarkObjects: 1.175100 ms  DeleteObjects: 0.010400 ms)

========================================================================
Received Prepare
Registering precompiled user dll's ...
Registered in 0.000769 seconds.
Begin MonoManager ReloadAssembly
Native extension for WindowsStandalone target not found
Refreshing native plugins compatible for Editor in 0.38 ms, found 0 plugins.
Preloading 0 native plugins for Editor in 0.00 ms.
Invoked RoslynAnalysisRunner static constructor.
RoslynAnalysisRunner will not be running.
RoslynAnalysisRunner has terminated.
Mono: successfully reloaded assembly
- Completed reload, in  0.587 seconds
Platform modules already initialized, skipping
Refreshing native plugins compatible for Editor in 0.39 ms, found 0 plugins.
Preloading 0 native plugins for Editor in 0.00 ms.
Unloading 1200 Unused Serialized files (Serialized files now loaded: 0)
System memory in use before: 72.5 MB.
System memory in use after: 72.6 MB.

Unloading 3 unused Assets to reduce memory usage. Loaded Objects now: 1740.
Total: 1.260700 ms (FindLiveObjects: 0.109600 ms CreateObjectMapping: 0.030500 ms MarkObjects: 1.110700 ms  DeleteObjects: 0.009300 ms)

========================================================================
Received Prepare
Registering precompiled user dll's ...
Registered in 0.000666 seconds.
Begin MonoManager ReloadAssembly
Native extension for WindowsStandalone target not found
Refreshing native plugins compatible for Editor in 0.39 ms, found 0 plugins.
Preloading 0 native plugins for Editor in 0.00 ms.
Invoked RoslynAnalysisRunner static constructor.
RoslynAnalysisRunner will not be running.
RoslynAnalysisRunner has terminated.
Mono: successfully reloaded assembly
- Completed reload, in  0.625 seconds
Platform modules already initialized, skipping
Refreshing native plugins compatible for Editor in 0.39 ms, found 0 plugins.
Preloading 0 native plugins for Editor in 0.00 ms.
Unloading 1200 Unused Serialized files (Serialized files now loaded: 0)
System memory in use before: 72.5 MB.
System memory in use after: 72.6 MB.

Unloading 3 unused Assets to reduce memory usage. Loaded Objects now: 1742.
Total: 1.817200 ms (FindLiveObjects: 0.173900 ms CreateObjectMapping: 0.046900 ms MarkObjects: 1.578200 ms  DeleteObjects: 0.016600 ms)

========================================================================
Received Prepare
Registering precompiled user dll's ...
Registered in 0.000755 seconds.
Begin MonoManager ReloadAssembly
Native extension for WindowsStandalone target not found
Refreshing native plugins compatible for Editor in 0.40 ms, found 0 plugins.
Preloading 0 native plugins for Editor in 0.00 ms.
Invoked RoslynAnalysisRunner static constructor.
RoslynAnalysisRunner will not be running.
RoslynAnalysisRunner has terminated.
Mono: successfully reloaded assembly
- Completed reload, in  0.608 seconds
Platform modules already initialized, skipping
Refreshing native plugins compatible for Editor in 0.48 ms, found 0 plugins.
Preloading 0 native plugins for Editor in 0.00 ms.
Unloading 1200 Unused Serialized files (Serialized files now loaded: 0)
System memory in use before: 72.5 MB.
System memory in use after: 72.6 MB.

Unloading 3 unused Assets to reduce memory usage. Loaded Objects now: 1744.
Total: 1.470600 ms (FindLiveObjects: 0.136800 ms CreateObjectMapping: 0.035500 ms MarkObjects: 1.270800 ms  DeleteObjects: 0.026500 ms)

========================================================================
Received Prepare
Registering precompiled user dll's ...
Registered in 0.000761 seconds.
Begin MonoManager ReloadAssembly
Native extension for WindowsStandalone target not found
Refreshing native plugins compatible for Editor in 0.46 ms, found 0 plugins.
Preloading 0 native plugins for Editor in 0.00 ms.
Invoked RoslynAnalysisRunner static constructor.
RoslynAnalysisRunner will not be running.
RoslynAnalysisRunner has terminated.
Mono: successfully reloaded assembly
- Completed reload, in  0.787 seconds
Platform modules already initialized, skipping
Refreshing native plugins compatible for Editor in 0.41 ms, found 0 plugins.
Preloading 0 native plugins for Editor in 0.00 ms.
Unloading 1200 Unused Serialized files (Serialized files now loaded: 0)
System memory in use before: 72.5 MB.
System memory in use after: 72.6 MB.

Unloading 3 unused Assets to reduce memory usage. Loaded Objects now: 1746.
Total: 1.657700 ms (FindLiveObjects: 0.153100 ms CreateObjectMapping: 0.038100 ms MarkObjects: 1.450100 ms  DeleteObjects: 0.015300 ms)

========================================================================
Received Import Request.
  Time since last request: 1719.585159 seconds.
  path: Assets/Resources/abilities2.csv
  artifactKey: Guid(fac67b80f45ac774d9bc05fd86b25d7c) Importer(815301076,1909f56bfc062723c751e8b465ee728b)
Start importing Assets/Resources/abilities2.csv using Guid(fac67b80f45ac774d9bc05fd86b25d7c) Importer(815301076,1909f56bfc062723c751e8b465ee728b)  -> (artifact id: '4e6573edacd5d9601905be2040186523') in 0.018023 seconds
  Import took 0.020134 seconds .

========================================================================
Received Prepare
Registering precompiled user dll's ...
Registered in 0.000866 seconds.
Begin MonoManager ReloadAssembly
Native extension for WindowsStandalone target not found
Refreshing native plugins compatible for Editor in 0.38 ms, found 0 plugins.
Preloading 0 native plugins for Editor in 0.00 ms.
Invoked RoslynAnalysisRunner static constructor.
RoslynAnalysisRunner will not be running.
RoslynAnalysisRunner has terminated.
Mono: successfully reloaded assembly
- Completed reload, in  0.676 seconds
Platform modules already initialized, skipping
Refreshing native plugins compatible for Editor in 0.39 ms, found 0 plugins.
Preloading 0 native plugins for Editor in 0.00 ms.
Unloading 1200 Unused Serialized files (Serialized files now loaded: 0)
System memory in use before: 72.5 MB.
System memory in use after: 72.6 MB.

Unloading 3 unused Assets to reduce memory usage. Loaded Objects now: 1748.
Total: 1.365500 ms (FindLiveObjects: 0.120400 ms CreateObjectMapping: 0.032500 ms MarkObjects: 1.201700 ms  DeleteObjects: 0.010300 ms)

========================================================================
Received Prepare
Registering precompiled user dll's ...
Registered in 0.000912 seconds.
Begin MonoManager ReloadAssembly
Native extension for WindowsStandalone target not found
Refreshing native plugins compatible for Editor in 0.42 ms, found 0 plugins.
Preloading 0 native plugins for Editor in 0.00 ms.
Invoked RoslynAnalysisRunner static constructor.
RoslynAnalysisRunner will not be running.
RoslynAnalysisRunner has terminated.
Mono: successfully reloaded assembly
- Completed reload, in  0.737 seconds
Platform modules already initialized, skipping
Refreshing native plugins compatible for Editor in 0.49 ms, found 0 plugins.
Preloading 0 native plugins for Editor in 0.00 ms.
Unloading 1200 Unused Serialized files (Serialized files now loaded: 0)
System memory in use before: 72.5 MB.
System memory in use after: 72.6 MB.

Unloading 3 unused Assets to reduce memory usage. Loaded Objects now: 1750.
Total: 1.431100 ms (FindLiveObjects: 0.151400 ms CreateObjectMapping: 0.039300 ms MarkObjects: 1.228700 ms  DeleteObjects: 0.010700 ms)

========================================================================
Received Prepare
Registering precompiled user dll's ...
Registered in 0.000823 seconds.
Begin MonoManager ReloadAssembly
Native extension for WindowsStandalone target not found
Refreshing native plugins compatible for Editor in 0.38 ms, found 0 plugins.
Preloading 0 native plugins for Editor in 0.00 ms.
Invoked RoslynAnalysisRunner static constructor.
RoslynAnalysisRunner will not be running.
RoslynAnalysisRunner has terminated.
Mono: successfully reloaded assembly
- Completed reload, in  0.600 seconds
Platform modules already initialized, skipping
Refreshing native plugins compatible for Editor in 1.61 ms, found 0 plugins.
Preloading 0 native plugins for Editor in 0.00 ms.
Unloading 1200 Unused Serialized files (Serialized files now loaded: 0)
System memory in use before: 72.5 MB.
System memory in use after: 72.6 MB.

Unloading 3 unused Assets to reduce memory usage. Loaded Objects now: 1752.
Total: 2.264300 ms (FindLiveObjects: 0.180000 ms CreateObjectMapping: 0.068100 ms MarkObjects: 1.993500 ms  DeleteObjects: 0.020800 ms)

========================================================================
Received Prepare
Registering precompiled user dll's ...
Registered in 0.000767 seconds.
Begin MonoManager ReloadAssembly
Native extension for WindowsStandalone target not found
Refreshing native plugins compatible for Editor in 0.38 ms, found 0 plugins.
Preloading 0 native plugins for Editor in 0.00 ms.
Invoked RoslynAnalysisRunner static constructor.
RoslynAnalysisRunner will not be running.
RoslynAnalysisRunner has terminated.
Mono: successfully reloaded assembly
- Completed reload, in  0.597 seconds
Platform modules already initialized, skipping
Refreshing native plugins compatible for Editor in 0.38 ms, found 0 plugins.
Preloading 0 native plugins for Editor in 0.00 ms.
Unloading 1200 Unused Serialized files (Serialized files now loaded: 0)
System memory in use before: 72.5 MB.
System memory in use after: 72.6 MB.

Unloading 3 unused Assets to reduce memory usage. Loaded Objects now: 1754.
Total: 1.378500 ms (FindLiveObjects: 0.139600 ms CreateObjectMapping: 0.039200 ms MarkObjects: 1.187300 ms  DeleteObjects: 0.011500 ms)

========================================================================
Received Prepare
Registering precompiled user dll's ...
Registered in 0.000808 seconds.
Begin MonoManager ReloadAssembly
Native extension for WindowsStandalone target not found
Refreshing native plugins compatible for Editor in 0.38 ms, found 0 plugins.
Preloading 0 native plugins for Editor in 0.00 ms.
Invoked RoslynAnalysisRunner static constructor.
RoslynAnalysisRunner will not be running.
RoslynAnalysisRunner has terminated.
Mono: successfully reloaded assembly
- Completed reload, in  0.594 seconds
Platform modules already initialized, skipping
Refreshing native plugins compatible for Editor in 0.38 ms, found 0 plugins.
Preloading 0 native plugins for Editor in 0.00 ms.
Unloading 1200 Unused Serialized files (Serialized files now loaded: 0)
System memory in use before: 72.5 MB.
System memory in use after: 72.6 MB.

Unloading 3 unused Assets to reduce memory usage. Loaded Objects now: 1756.
Total: 1.220200 ms (FindLiveObjects: 0.118400 ms CreateObjectMapping: 0.032800 ms MarkObjects: 1.059600 ms  DeleteObjects: 0.008600 ms)

========================================================================
Received Prepare
Registering precompiled user dll's ...
Registered in 0.009772 seconds.
Begin MonoManager ReloadAssembly
Native extension for WindowsStandalone target not found
Refreshing native plugins compatible for Editor in 0.38 ms, found 0 plugins.
Preloading 0 native plugins for Editor in 0.00 ms.
Invoked RoslynAnalysisRunner static constructor.
RoslynAnalysisRunner will not be running.
RoslynAnalysisRunner has terminated.
Mono: successfully reloaded assembly
- Completed reload, in  0.714 seconds
Platform modules already initialized, skipping
Refreshing native plugins compatible for Editor in 0.38 ms, found 0 plugins.
Preloading 0 native plugins for Editor in 0.00 ms.
Unloading 1200 Unused Serialized files (Serialized files now loaded: 0)
System memory in use before: 72.5 MB.
System memory in use after: 72.6 MB.

Unloading 3 unused Assets to reduce memory usage. Loaded Objects now: 1758.
Total: 1.429900 ms (FindLiveObjects: 0.138100 ms CreateObjectMapping: 0.037100 ms MarkObjects: 1.243100 ms  DeleteObjects: 0.010800 ms)

========================================================================
Received Import Request.
  Time since last request: 490.301670 seconds.
  path: Assets/Resources/abilities.csv
  artifactKey: Guid(0975970e7ab6e7b46a106acf4ab75afc) Importer(815301076,1909f56bfc062723c751e8b465ee728b)
Start importing Assets/Resources/abilities.csv using Guid(0975970e7ab6e7b46a106acf4ab75afc) Importer(815301076,1909f56bfc062723c751e8b465ee728b)  -> (artifact id: '84f008484f9706b6a48ad62d63ce3091') in 0.009002 seconds
  Import took 0.010955 seconds .

========================================================================
Received Import Request.
  Time since last request: 0.005928 seconds.
  path: Assets/Resources/abilities.csv
  artifactKey: Guid(0975970e7ab6e7b46a106acf4ab75afc) Importer(815301076,1909f56bfc062723c751e8b465ee728b)
Start importing Assets/Resources/abilities.csv using Guid(0975970e7ab6e7b46a106acf4ab75afc) Importer(815301076,1909f56bfc062723c751e8b465ee728b)  -> (artifact id: '84f008484f9706b6a48ad62d63ce3091') in 0.002804 seconds
  Import took 0.004648 seconds .

========================================================================
Received Prepare
Registering precompiled user dll's ...
Registered in 0.000781 seconds.
Begin MonoManager ReloadAssembly
Native extension for WindowsStandalone target not found
Refreshing native plugins compatible for Editor in 0.38 ms, found 0 plugins.
Preloading 0 native plugins for Editor in 0.00 ms.
Invoked RoslynAnalysisRunner static constructor.
RoslynAnalysisRunner will not be running.
RoslynAnalysisRunner has terminated.
Mono: successfully reloaded assembly
- Completed reload, in  0.652 seconds
Platform modules already initialized, skipping
Refreshing native plugins compatible for Editor in 0.37 ms, found 0 plugins.
Preloading 0 native plugins for Editor in 0.00 ms.
Unloading 1200 Unused Serialized files (Serialized files now loaded: 0)
System memory in use before: 72.5 MB.
System memory in use after: 72.6 MB.

Unloading 3 unused Assets to reduce memory usage. Loaded Objects now: 1760.
Total: 18.077900 ms (FindLiveObjects: 0.142500 ms CreateObjectMapping: 0.036400 ms MarkObjects: 17.883000 ms  DeleteObjects: 0.014500 ms)

========================================================================
Received Prepare
Registering precompiled user dll's ...
Registered in 0.000792 seconds.
Begin MonoManager ReloadAssembly
Native extension for WindowsStandalone target not found
Refreshing native plugins compatible for Editor in 0.38 ms, found 0 plugins.
Preloading 0 native plugins for Editor in 0.00 ms.
Invoked RoslynAnalysisRunner static constructor.
RoslynAnalysisRunner will not be running.
RoslynAnalysisRunner has terminated.
Mono: successfully reloaded assembly
- Completed reload, in  0.779 seconds
Platform modules already initialized, skipping
Refreshing native plugins compatible for Editor in 0.37 ms, found 0 plugins.
Preloading 0 native plugins for Editor in 0.00 ms.
Unloading 1200 Unused Serialized files (Serialized files now loaded: 0)
System memory in use before: 72.6 MB.
System memory in use after: 72.7 MB.

Unloading 3 unused Assets to reduce memory usage. Loaded Objects now: 1762.
Total: 1.271200 ms (FindLiveObjects: 0.136800 ms CreateObjectMapping: 0.033400 ms MarkObjects: 1.091100 ms  DeleteObjects: 0.008800 ms)

========================================================================
Received Prepare
Registering precompiled user dll's ...
Registered in 0.000731 seconds.
Begin MonoManager ReloadAssembly
Native extension for WindowsStandalone target not found
Refreshing native plugins compatible for Editor in 0.40 ms, found 0 plugins.
Preloading 0 native plugins for Editor in 0.00 ms.
Invoked RoslynAnalysisRunner static constructor.
RoslynAnalysisRunner will not be running.
RoslynAnalysisRunner has terminated.
Mono: successfully reloaded assembly
- Completed reload, in  0.638 seconds
Platform modules already initialized, skipping
Refreshing native plugins compatible for Editor in 0.46 ms, found 0 plugins.
Preloading 0 native plugins for Editor in 0.00 ms.
Unloading 1200 Unused Serialized files (Serialized files now loaded: 0)
System memory in use before: 72.6 MB.
System memory in use after: 72.7 MB.

Unloading 3 unused Assets to reduce memory usage. Loaded Objects now: 1764.
Total: 1.854900 ms (FindLiveObjects: 0.155200 ms CreateObjectMapping: 0.045800 ms MarkObjects: 1.640400 ms  DeleteObjects: 0.012500 ms)

AssetImportWorkerClient::OnTransportError - code=2 error=End of file
